{"D:\\Kuliah\\Project\\ScanDine\\resources\\js\\components\\shared\\Header.jsx": {"path":"D:\\Kuliah\\Project\\ScanDine\\resources\\js\\components\\shared\\Header.jsx","statementMap":{"0":{"start":{"line":12,"column":15},"end":{"line":28,"column":null}},"1":{"start":{"line":13,"column":4},"end":{"line":26,"column":null}},"2":{"start":{"line":30,"column":0},"end":{"line":32,"column":null}}},"fnMap":{"0":{"name":"(anonymous_0)","decl":{"start":{"line":12,"column":15},"end":{"line":12,"column":16}},"loc":{"start":{"line":12,"column":48},"end":{"line":28,"column":null}},"line":12}},"branchMap":{"0":{"loc":{"start":{"line":12,"column":18},"end":{"line":12,"column":42}},"type":"default-arg","locations":[{"start":{"line":12,"column":32},"end":{"line":12,"column":42}}],"line":12}},"s":{"0":1,"1":2,"2":1},"f":{"0":2},"b":{"0":[2]},"meta":{"lastBranch":1,"lastFunction":1,"lastStatement":3,"seen":{"s:12:15:28:Infinity":0,"f:12:15:12:16":0,"b:12:32:12:42":0,"s:13:4:26:Infinity":1,"s:30:0:32:Infinity":2}}}
,"D:\\Kuliah\\Project\\ScanDine\\resources\\js\\components\\shared\\ProtectedRoute.jsx": {"path":"D:\\Kuliah\\Project\\ScanDine\\resources\\js\\components\\shared\\ProtectedRoute.jsx","statementMap":{"0":{"start":{"line":13,"column":23},"end":{"line":29,"column":null}},"1":{"start":{"line":14,"column":39},"end":{"line":14,"column":null}},"2":{"start":{"line":16,"column":4},"end":{"line":22,"column":null}},"3":{"start":{"line":17,"column":8},"end":{"line":20,"column":null}},"4":{"start":{"line":24,"column":4},"end":{"line":27,"column":null}}},"fnMap":{"0":{"name":"(anonymous_0)","decl":{"start":{"line":13,"column":23},"end":{"line":13,"column":29}},"loc":{"start":{"line":13,"column":29},"end":{"line":29,"column":null}},"line":13}},"branchMap":{"0":{"loc":{"start":{"line":16,"column":4},"end":{"line":22,"column":null}},"type":"if","locations":[{"start":{"line":16,"column":4},"end":{"line":22,"column":null}},{"start":{},"end":{}}],"line":16},"1":{"loc":{"start":{"line":24,"column":11},"end":{"line":27,"column":null}},"type":"cond-expr","locations":[{"start":{"line":25,"column":8},"end":{"line":25,"column":null}},{"start":{"line":27,"column":8},"end":{"line":27,"column":null}}],"line":24}},"s":{"0":0,"1":0,"2":0,"3":0,"4":0},"f":{"0":0},"b":{"0":[0,0],"1":[0,0]},"meta":{"lastBranch":2,"lastFunction":1,"lastStatement":5,"seen":{"s:13:23:29:Infinity":0,"f:13:23:13:29":0,"s:14:39:14:Infinity":1,"b:16:4:22:Infinity:undefined:undefined:undefined:undefined":0,"s:16:4:22:Infinity":2,"s:17:8:20:Infinity":3,"s:24:4:27:Infinity":4,"b:25:8:25:Infinity:27:8:27:Infinity":1}}}
,"D:\\Kuliah\\Project\\ScanDine\\resources\\js\\components\\ui\\CartDrawer.jsx": {"path":"D:\\Kuliah\\Project\\ScanDine\\resources\\js\\components\\ui\\CartDrawer.jsx","statementMap":{"0":{"start":{"line":5,"column":19},"end":{"line":165,"column":null}},"1":{"start":{"line":6,"column":10},"end":{"line":6,"column":null}},"2":{"start":{"line":8,"column":4},"end":{"line":163,"column":null}},"3":{"start":{"line":57,"column":36},"end":{"line":139,"column":null}},"4":{"start":{"line":72,"column":68},"end":{"line":90,"column":null}},"5":{"start":{"line":101,"column":68},"end":{"line":101,"column":null}},"6":{"start":{"line":114,"column":56},"end":{"line":117,"column":null}},"7":{"start":{"line":128,"column":56},"end":{"line":131,"column":null}},"8":{"start":{"line":151,"column":36},"end":{"line":151,"column":null}},"9":{"start":{"line":152,"column":36},"end":{"line":152,"column":null}}},"fnMap":{"0":{"name":"(anonymous_0)","decl":{"start":{"line":5,"column":19},"end":{"line":5,"column":20}},"loc":{"start":{"line":5,"column":73},"end":{"line":165,"column":null}},"line":5},"1":{"name":"(anonymous_1)","decl":{"start":{"line":56,"column":41},"end":{"line":56,"column":42}},"loc":{"start":{"line":57,"column":36},"end":{"line":139,"column":null}},"line":57},"2":{"name":"(anonymous_2)","decl":{"start":{"line":71,"column":64},"end":{"line":71,"column":65}},"loc":{"start":{"line":72,"column":68},"end":{"line":90,"column":null}},"line":72},"3":{"name":"(anonymous_3)","decl":{"start":{"line":100,"column":64},"end":{"line":100,"column":65}},"loc":{"start":{"line":101,"column":68},"end":{"line":101,"column":null}},"line":101},"4":{"name":"(anonymous_4)","decl":{"start":{"line":113,"column":61},"end":{"line":113,"column":null}},"loc":{"start":{"line":114,"column":56},"end":{"line":117,"column":null}},"line":114},"5":{"name":"(anonymous_5)","decl":{"start":{"line":127,"column":61},"end":{"line":127,"column":null}},"loc":{"start":{"line":128,"column":56},"end":{"line":131,"column":null}},"line":128},"6":{"name":"(anonymous_6)","decl":{"start":{"line":150,"column":41},"end":{"line":150,"column":47}},"loc":{"start":{"line":150,"column":47},"end":{"line":153,"column":null}},"line":150}},"branchMap":{"0":{"loc":{"start":{"line":10,"column":13},"end":{"line":161,"column":null}},"type":"binary-expr","locations":[{"start":{"line":10,"column":13},"end":{"line":10,"column":null}},{"start":{"line":11,"column":16},"end":{"line":161,"column":null}}],"line":10},"1":{"loc":{"start":{"line":46,"column":29},"end":{"line":140,"column":null}},"type":"cond-expr","locations":[{"start":{"line":47,"column":32},"end":{"line":54,"column":null}},{"start":{"line":56,"column":32},"end":{"line":140,"column":null}}],"line":46},"2":{"loc":{"start":{"line":66,"column":49},"end":{"line":93,"column":null}},"type":"binary-expr","locations":[{"start":{"line":66,"column":49},"end":{"line":66,"column":null}},{"start":{"line":67,"column":52},"end":{"line":68,"column":null}},{"start":{"line":69,"column":56},"end":{"line":93,"column":null}}],"line":66},"3":{"loc":{"start":{"line":84,"column":73},"end":{"line":88,"column":null}},"type":"binary-expr","locations":[{"start":{"line":84,"column":73},"end":{"line":85,"column":null}},{"start":{"line":86,"column":76},"end":{"line":88,"column":null}}],"line":84},"4":{"loc":{"start":{"line":99,"column":61},"end":{"line":103,"column":null}},"type":"binary-expr","locations":[{"start":{"line":99,"column":61},"end":{"line":103,"column":65}},{"start":{"line":103,"column":65},"end":{"line":103,"column":null}}],"line":99}},"s":{"0":0,"1":0,"2":0,"3":0,"4":0,"5":0,"6":0,"7":0,"8":0,"9":0},"f":{"0":0,"1":0,"2":0,"3":0,"4":0,"5":0,"6":0},"b":{"0":[0,0],"1":[0,0],"2":[0,0,0],"3":[0,0],"4":[0,0]},"meta":{"lastBranch":5,"lastFunction":7,"lastStatement":10,"seen":{"s:5:19:165:Infinity":0,"f:5:19:5:20":0,"s:6:10:6:Infinity":1,"s:8:4:163:Infinity":2,"b:10:13:10:Infinity:11:16:161:Infinity":0,"b:47:32:54:Infinity:56:32:140:Infinity":1,"f:56:41:56:42":1,"s:57:36:139:Infinity":3,"b:66:49:66:Infinity:67:52:68:Infinity:69:56:93:Infinity":2,"f:71:64:71:65":2,"s:72:68:90:Infinity":4,"b:84:73:85:Infinity:86:76:88:Infinity":3,"b:99:61:103:65:103:65:103:Infinity":4,"f:100:64:100:65":3,"s:101:68:101:Infinity":5,"f:113:61:113:Infinity":4,"s:114:56:117:Infinity":6,"f:127:61:127:Infinity":5,"s:128:56:131:Infinity":7,"f:150:41:150:47":6,"s:151:36:151:Infinity":8,"s:152:36:152:Infinity":9}}}
,"D:\\Kuliah\\Project\\ScanDine\\resources\\js\\components\\ui\\CartFloatingButton.jsx": {"path":"D:\\Kuliah\\Project\\ScanDine\\resources\\js\\components\\ui\\CartFloatingButton.jsx","statementMap":{"0":{"start":{"line":3,"column":27},"end":{"line":22,"column":null}},"1":{"start":{"line":4,"column":4},"end":{"line":20,"column":null}}},"fnMap":{"0":{"name":"(anonymous_0)","decl":{"start":{"line":3,"column":27},"end":{"line":3,"column":28}},"loc":{"start":{"line":3,"column":58},"end":{"line":22,"column":null}},"line":3}},"branchMap":{},"s":{"0":1,"1":2},"f":{"0":2},"b":{},"meta":{"lastBranch":0,"lastFunction":1,"lastStatement":2,"seen":{"s:3:27:22:Infinity":0,"f:3:27:3:28":0,"s:4:4:20:Infinity":1}}}
,"D:\\Kuliah\\Project\\ScanDine\\resources\\js\\components\\ui\\CategoryNav.jsx": {"path":"D:\\Kuliah\\Project\\ScanDine\\resources\\js\\components\\ui\\CategoryNav.jsx","statementMap":{"0":{"start":{"line":3,"column":20},"end":{"line":23,"column":null}},"1":{"start":{"line":4,"column":4},"end":{"line":21,"column":null}},"2":{"start":{"line":8,"column":20},"end":{"line":18,"column":null}},"3":{"start":{"line":10,"column":39},"end":{"line":10,"column":null}}},"fnMap":{"0":{"name":"(anonymous_0)","decl":{"start":{"line":3,"column":20},"end":{"line":3,"column":21}},"loc":{"start":{"line":3,"column":74},"end":{"line":23,"column":null}},"line":3},"1":{"name":"(anonymous_1)","decl":{"start":{"line":7,"column":32},"end":{"line":7,"column":33}},"loc":{"start":{"line":8,"column":20},"end":{"line":18,"column":null}},"line":8},"2":{"name":"(anonymous_2)","decl":{"start":{"line":10,"column":33},"end":{"line":10,"column":39}},"loc":{"start":{"line":10,"column":39},"end":{"line":10,"column":null}},"line":10}},"branchMap":{"0":{"loc":{"start":{"line":12,"column":30},"end":{"line":14,"column":null}},"type":"cond-expr","locations":[{"start":{"line":13,"column":34},"end":{"line":13,"column":null}},{"start":{"line":14,"column":34},"end":{"line":14,"column":null}}],"line":12}},"s":{"0":0,"1":0,"2":0,"3":0},"f":{"0":0,"1":0,"2":0},"b":{"0":[0,0]},"meta":{"lastBranch":1,"lastFunction":3,"lastStatement":4,"seen":{"s:3:20:23:Infinity":0,"f:3:20:3:21":0,"s:4:4:21:Infinity":1,"f:7:32:7:33":1,"s:8:20:18:Infinity":2,"f:10:33:10:39":2,"s:10:39:10:Infinity":3,"b:13:34:13:Infinity:14:34:14:Infinity":0}}}
,"D:\\Kuliah\\Project\\ScanDine\\resources\\js\\components\\ui\\MenuGrid.jsx": {"path":"D:\\Kuliah\\Project\\ScanDine\\resources\\js\\components\\ui\\MenuGrid.jsx","statementMap":{"0":{"start":{"line":4,"column":17},"end":{"line":12,"column":null}},"1":{"start":{"line":5,"column":4},"end":{"line":10,"column":null}},"2":{"start":{"line":8,"column":16},"end":{"line":8,"column":null}}},"fnMap":{"0":{"name":"(anonymous_0)","decl":{"start":{"line":4,"column":17},"end":{"line":4,"column":18}},"loc":{"start":{"line":4,"column":42},"end":{"line":12,"column":null}},"line":4},"1":{"name":"(anonymous_1)","decl":{"start":{"line":7,"column":26},"end":{"line":7,"column":27}},"loc":{"start":{"line":8,"column":16},"end":{"line":8,"column":null}},"line":8}},"branchMap":{},"s":{"0":0,"1":0,"2":0},"f":{"0":0,"1":0},"b":{},"meta":{"lastBranch":0,"lastFunction":2,"lastStatement":3,"seen":{"s:4:17:12:Infinity":0,"f:4:17:4:18":0,"s:5:4:10:Infinity":1,"f:7:26:7:27":1,"s:8:16:8:Infinity":2}}}
,"D:\\Kuliah\\Project\\ScanDine\\resources\\js\\components\\ui\\ProductCard.jsx": {"path":"D:\\Kuliah\\Project\\ScanDine\\resources\\js\\components\\ui\\ProductCard.jsx","statementMap":{"0":{"start":{"line":14,"column":20},"end":{"line":52,"column":null}},"1":{"start":{"line":15,"column":48},"end":{"line":15,"column":null}},"2":{"start":{"line":17,"column":4},"end":{"line":50,"column":null}},"3":{"start":{"line":19,"column":27},"end":{"line":19,"column":null}},"4":{"start":{"line":54,"column":0},"end":{"line":63,"column":null}}},"fnMap":{"0":{"name":"(anonymous_0)","decl":{"start":{"line":14,"column":20},"end":{"line":14,"column":21}},"loc":{"start":{"line":14,"column":44},"end":{"line":52,"column":null}},"line":14},"1":{"name":"(anonymous_1)","decl":{"start":{"line":19,"column":21},"end":{"line":19,"column":27}},"loc":{"start":{"line":19,"column":27},"end":{"line":19,"column":null}},"line":19}},"branchMap":{},"s":{"0":0,"1":0,"2":0,"3":0,"4":0},"f":{"0":0,"1":0},"b":{},"meta":{"lastBranch":0,"lastFunction":2,"lastStatement":5,"seen":{"s:14:20:52:Infinity":0,"f:14:20:14:21":0,"s:15:48:15:Infinity":1,"s:17:4:50:Infinity":2,"f:19:21:19:27":1,"s:19:27:19:Infinity":3,"s:54:0:63:Infinity":4}}}
,"D:\\Kuliah\\Project\\ScanDine\\resources\\js\\components\\ui\\ProductDetailDrawer.jsx": {"path":"D:\\Kuliah\\Project\\ScanDine\\resources\\js\\components\\ui\\ProductDetailDrawer.jsx","statementMap":{"0":{"start":{"line":6,"column":28},"end":{"line":265,"column":null}},"1":{"start":{"line":7,"column":22},"end":{"line":7,"column":null}},"2":{"start":{"line":8,"column":32},"end":{"line":8,"column":null}},"3":{"start":{"line":9,"column":50},"end":{"line":9,"column":null}},"4":{"start":{"line":12,"column":4},"end":{"line":17,"column":null}},"5":{"start":{"line":13,"column":8},"end":{"line":16,"column":null}},"6":{"start":{"line":14,"column":12},"end":{"line":14,"column":null}},"7":{"start":{"line":15,"column":12},"end":{"line":15,"column":null}},"8":{"start":{"line":19,"column":4},"end":{"line":19,"column":null}},"9":{"start":{"line":19,"column":29},"end":{"line":19,"column":null}},"10":{"start":{"line":23,"column":27},"end":{"line":45,"column":null}},"11":{"start":{"line":47,"column":33},"end":{"line":68,"column":null}},"12":{"start":{"line":48,"column":8},"end":{"line":67,"column":null}},"13":{"start":{"line":50,"column":12},"end":{"line":53,"column":null}},"14":{"start":{"line":50,"column":43},"end":{"line":53,"column":13}},"15":{"start":{"line":51,"column":38},"end":{"line":51,"column":60}},"16":{"start":{"line":56,"column":27},"end":{"line":56,"column":null}},"17":{"start":{"line":56,"column":57},"end":{"line":56,"column":73}},"18":{"start":{"line":57,"column":12},"end":{"line":66,"column":null}},"19":{"start":{"line":58,"column":16},"end":{"line":60,"column":null}},"20":{"start":{"line":59,"column":20},"end":{"line":59,"column":null}},"21":{"start":{"line":59,"column":39},"end":{"line":59,"column":55}},"22":{"start":{"line":62,"column":16},"end":{"line":65,"column":null}},"23":{"start":{"line":62,"column":47},"end":{"line":65,"column":17}},"24":{"start":{"line":70,"column":27},"end":{"line":76,"column":null}},"25":{"start":{"line":71,"column":31},"end":{"line":74,"column":null}},"26":{"start":{"line":72,"column":24},"end":{"line":72,"column":null}},"27":{"start":{"line":75,"column":8},"end":{"line":75,"column":null}},"28":{"start":{"line":78,"column":28},"end":{"line":92,"column":null}},"29":{"start":{"line":80,"column":32},"end":{"line":83,"column":null}},"30":{"start":{"line":82,"column":16},"end":{"line":82,"column":null}},"31":{"start":{"line":82,"column":61},"end":{"line":82,"column":79}},"32":{"start":{"line":85,"column":8},"end":{"line":88,"column":null}},"33":{"start":{"line":86,"column":12},"end":{"line":86,"column":null}},"34":{"start":{"line":87,"column":12},"end":{"line":87,"column":null}},"35":{"start":{"line":90,"column":8},"end":{"line":90,"column":null}},"36":{"start":{"line":91,"column":8},"end":{"line":91,"column":null}},"37":{"start":{"line":94,"column":4},"end":{"line":263,"column":null}},"38":{"start":{"line":150,"column":32},"end":{"line":216,"column":null}},"39":{"start":{"line":164,"column":48},"end":{"line":166,"column":null}},"40":{"start":{"line":165,"column":59},"end":{"line":165,"column":null}},"41":{"start":{"line":167,"column":44},"end":{"line":212,"column":null}},"42":{"start":{"line":171,"column":56},"end":{"line":174,"column":null}},"43":{"start":{"line":226,"column":44},"end":{"line":228,"column":null}},"44":{"start":{"line":239,"column":44},"end":{"line":239,"column":null}}},"fnMap":{"0":{"name":"(anonymous_0)","decl":{"start":{"line":6,"column":28},"end":{"line":6,"column":29}},"loc":{"start":{"line":6,"column":62},"end":{"line":265,"column":null}},"line":6},"1":{"name":"(anonymous_1)","decl":{"start":{"line":12,"column":14},"end":{"line":12,"column":20}},"loc":{"start":{"line":12,"column":20},"end":{"line":17,"column":7}},"line":12},"2":{"name":"(anonymous_2)","decl":{"start":{"line":47,"column":33},"end":{"line":47,"column":34}},"loc":{"start":{"line":47,"column":50},"end":{"line":68,"column":null}},"line":47},"3":{"name":"(anonymous_3)","decl":{"start":{"line":50,"column":33},"end":{"line":50,"column":34}},"loc":{"start":{"line":50,"column":43},"end":{"line":53,"column":13}},"line":50},"4":{"name":"(anonymous_4)","decl":{"start":{"line":51,"column":31},"end":{"line":51,"column":32}},"loc":{"start":{"line":51,"column":38},"end":{"line":51,"column":60}},"line":51},"5":{"name":"(anonymous_5)","decl":{"start":{"line":56,"column":50},"end":{"line":56,"column":51}},"loc":{"start":{"line":56,"column":57},"end":{"line":56,"column":73}},"line":56},"6":{"name":"(anonymous_6)","decl":{"start":{"line":58,"column":37},"end":{"line":58,"column":38}},"loc":{"start":{"line":59,"column":20},"end":{"line":59,"column":null}},"line":59},"7":{"name":"(anonymous_7)","decl":{"start":{"line":59,"column":32},"end":{"line":59,"column":33}},"loc":{"start":{"line":59,"column":39},"end":{"line":59,"column":55}},"line":59},"8":{"name":"(anonymous_8)","decl":{"start":{"line":62,"column":37},"end":{"line":62,"column":38}},"loc":{"start":{"line":62,"column":47},"end":{"line":65,"column":17}},"line":62},"9":{"name":"(anonymous_9)","decl":{"start":{"line":70,"column":27},"end":{"line":70,"column":33}},"loc":{"start":{"line":70,"column":33},"end":{"line":76,"column":null}},"line":70},"10":{"name":"(anonymous_10)","decl":{"start":{"line":72,"column":12},"end":{"line":72,"column":13}},"loc":{"start":{"line":72,"column":24},"end":{"line":72,"column":null}},"line":72},"11":{"name":"(anonymous_11)","decl":{"start":{"line":78,"column":28},"end":{"line":78,"column":34}},"loc":{"start":{"line":78,"column":34},"end":{"line":92,"column":null}},"line":78},"12":{"name":"(anonymous_12)","decl":{"start":{"line":81,"column":12},"end":{"line":81,"column":13}},"loc":{"start":{"line":82,"column":16},"end":{"line":82,"column":null}},"line":82},"13":{"name":"(anonymous_13)","decl":{"start":{"line":82,"column":54},"end":{"line":82,"column":55}},"loc":{"start":{"line":82,"column":61},"end":{"line":82,"column":79}},"line":82},"14":{"name":"(anonymous_14)","decl":{"start":{"line":149,"column":48},"end":{"line":149,"column":49}},"loc":{"start":{"line":150,"column":32},"end":{"line":216,"column":null}},"line":150},"15":{"name":"(anonymous_15)","decl":{"start":{"line":162,"column":57},"end":{"line":162,"column":58}},"loc":{"start":{"line":162,"column":67},"end":{"line":214,"column":41}},"line":162},"16":{"name":"(anonymous_16)","decl":{"start":{"line":165,"column":52},"end":{"line":165,"column":53}},"loc":{"start":{"line":165,"column":59},"end":{"line":165,"column":null}},"line":165},"17":{"name":"(anonymous_17)","decl":{"start":{"line":170,"column":61},"end":{"line":170,"column":null}},"loc":{"start":{"line":171,"column":56},"end":{"line":174,"column":null}},"line":171},"18":{"name":"(anonymous_18)","decl":{"start":{"line":225,"column":49},"end":{"line":225,"column":null}},"loc":{"start":{"line":226,"column":44},"end":{"line":228,"column":null}},"line":226},"19":{"name":"(anonymous_19)","decl":{"start":{"line":238,"column":49},"end":{"line":238,"column":null}},"loc":{"start":{"line":239,"column":44},"end":{"line":239,"column":null}},"line":239}},"branchMap":{"0":{"loc":{"start":{"line":13,"column":8},"end":{"line":16,"column":null}},"type":"if","locations":[{"start":{"line":13,"column":8},"end":{"line":16,"column":null}},{"start":{},"end":{}}],"line":13},"1":{"loc":{"start":{"line":19,"column":4},"end":{"line":19,"column":null}},"type":"if","locations":[{"start":{"line":19,"column":4},"end":{"line":19,"column":null}},{"start":{},"end":{}}],"line":19},"2":{"loc":{"start":{"line":19,"column":8},"end":{"line":19,"column":29}},"type":"binary-expr","locations":[{"start":{"line":19,"column":8},"end":{"line":19,"column":19}},{"start":{"line":19,"column":19},"end":{"line":19,"column":29}}],"line":19},"3":{"loc":{"start":{"line":48,"column":8},"end":{"line":67,"column":null}},"type":"if","locations":[{"start":{"line":48,"column":8},"end":{"line":67,"column":null}},{"start":{"line":54,"column":15},"end":{"line":67,"column":null}}],"line":48},"4":{"loc":{"start":{"line":57,"column":12},"end":{"line":66,"column":null}},"type":"if","locations":[{"start":{"line":57,"column":12},"end":{"line":66,"column":null}},{"start":{"line":61,"column":19},"end":{"line":66,"column":null}}],"line":57},"5":{"loc":{"start":{"line":82,"column":16},"end":{"line":82,"column":null}},"type":"binary-expr","locations":[{"start":{"line":82,"column":16},"end":{"line":82,"column":30}},{"start":{"line":82,"column":30},"end":{"line":82,"column":null}}],"line":82},"6":{"loc":{"start":{"line":85,"column":8},"end":{"line":88,"column":null}},"type":"if","locations":[{"start":{"line":85,"column":8},"end":{"line":88,"column":null}},{"start":{},"end":{}}],"line":85},"7":{"loc":{"start":{"line":96,"column":13},"end":{"line":261,"column":null}},"type":"binary-expr","locations":[{"start":{"line":96,"column":13},"end":{"line":96,"column":null}},{"start":{"line":97,"column":16},"end":{"line":261,"column":null}}],"line":96},"8":{"loc":{"start":{"line":155,"column":41},"end":{"line":158,"column":null}},"type":"binary-expr","locations":[{"start":{"line":155,"column":41},"end":{"line":155,"column":null}},{"start":{"line":156,"column":44},"end":{"line":158,"column":null}}],"line":155},"9":{"loc":{"start":{"line":177,"column":56},"end":{"line":179,"column":null}},"type":"cond-expr","locations":[{"start":{"line":178,"column":62},"end":{"line":178,"column":null}},{"start":{"line":179,"column":62},"end":{"line":179,"column":null}}],"line":177},"10":{"loc":{"start":{"line":185,"column":64},"end":{"line":187,"column":null}},"type":"cond-expr","locations":[{"start":{"line":186,"column":70},"end":{"line":186,"column":null}},{"start":{"line":187,"column":70},"end":{"line":187,"column":null}}],"line":185},"11":{"loc":{"start":{"line":190,"column":61},"end":{"line":191,"column":null}},"type":"binary-expr","locations":[{"start":{"line":190,"column":61},"end":{"line":190,"column":null}},{"start":{"line":191,"column":64},"end":{"line":191,"column":null}}],"line":190},"12":{"loc":{"start":{"line":196,"column":64},"end":{"line":198,"column":null}},"type":"cond-expr","locations":[{"start":{"line":197,"column":70},"end":{"line":197,"column":null}},{"start":{"line":198,"column":70},"end":{"line":198,"column":null}}],"line":196},"13":{"loc":{"start":{"line":204,"column":53},"end":{"line":210,"column":null}},"type":"binary-expr","locations":[{"start":{"line":204,"column":53},"end":{"line":204,"column":null}},{"start":{"line":205,"column":56},"end":{"line":210,"column":null}}],"line":204}},"s":{"0":0,"1":0,"2":0,"3":0,"4":0,"5":0,"6":0,"7":0,"8":0,"9":0,"10":0,"11":0,"12":0,"13":0,"14":0,"15":0,"16":0,"17":0,"18":0,"19":0,"20":0,"21":0,"22":0,"23":0,"24":0,"25":0,"26":0,"27":0,"28":0,"29":0,"30":0,"31":0,"32":0,"33":0,"34":0,"35":0,"36":0,"37":0,"38":0,"39":0,"40":0,"41":0,"42":0,"43":0,"44":0},"f":{"0":0,"1":0,"2":0,"3":0,"4":0,"5":0,"6":0,"7":0,"8":0,"9":0,"10":0,"11":0,"12":0,"13":0,"14":0,"15":0,"16":0,"17":0,"18":0,"19":0},"b":{"0":[0,0],"1":[0,0],"2":[0,0],"3":[0,0],"4":[0,0],"5":[0,0],"6":[0,0],"7":[0,0],"8":[0,0],"9":[0,0],"10":[0,0],"11":[0,0],"12":[0,0],"13":[0,0]},"meta":{"lastBranch":14,"lastFunction":20,"lastStatement":45,"seen":{"s:6:28:265:Infinity":0,"f:6:28:6:29":0,"s:7:22:7:Infinity":1,"s:8:32:8:Infinity":2,"s:9:50:9:Infinity":3,"s:12:4:17:Infinity":4,"f:12:14:12:20":1,"b:13:8:16:Infinity:undefined:undefined:undefined:undefined":0,"s:13:8:16:Infinity":5,"s:14:12:14:Infinity":6,"s:15:12:15:Infinity":7,"b:19:4:19:Infinity:undefined:undefined:undefined:undefined":1,"s:19:4:19:Infinity":8,"b:19:8:19:19:19:19:19:29":2,"s:19:29:19:Infinity":9,"s:23:27:45:Infinity":10,"s:47:33:68:Infinity":11,"f:47:33:47:34":2,"b:48:8:67:Infinity:54:15:67:Infinity":3,"s:48:8:67:Infinity":12,"s:50:12:53:Infinity":13,"f:50:33:50:34":3,"s:50:43:53:13":14,"f:51:31:51:32":4,"s:51:38:51:60":15,"s:56:27:56:Infinity":16,"f:56:50:56:51":5,"s:56:57:56:73":17,"b:57:12:66:Infinity:61:19:66:Infinity":4,"s:57:12:66:Infinity":18,"s:58:16:60:Infinity":19,"f:58:37:58:38":6,"s:59:20:59:Infinity":20,"f:59:32:59:33":7,"s:59:39:59:55":21,"s:62:16:65:Infinity":22,"f:62:37:62:38":8,"s:62:47:65:17":23,"s:70:27:76:Infinity":24,"f:70:27:70:33":9,"s:71:31:74:Infinity":25,"f:72:12:72:13":10,"s:72:24:72:Infinity":26,"s:75:8:75:Infinity":27,"s:78:28:92:Infinity":28,"f:78:28:78:34":11,"s:80:32:83:Infinity":29,"f:81:12:81:13":12,"s:82:16:82:Infinity":30,"b:82:16:82:30:82:30:82:Infinity":5,"f:82:54:82:55":13,"s:82:61:82:79":31,"b:85:8:88:Infinity:undefined:undefined:undefined:undefined":6,"s:85:8:88:Infinity":32,"s:86:12:86:Infinity":33,"s:87:12:87:Infinity":34,"s:90:8:90:Infinity":35,"s:91:8:91:Infinity":36,"s:94:4:263:Infinity":37,"b:96:13:96:Infinity:97:16:261:Infinity":7,"f:149:48:149:49":14,"s:150:32:216:Infinity":38,"b:155:41:155:Infinity:156:44:158:Infinity":8,"f:162:57:162:58":15,"s:164:48:166:Infinity":39,"f:165:52:165:53":16,"s:165:59:165:Infinity":40,"s:167:44:212:Infinity":41,"f:170:61:170:Infinity":17,"s:171:56:174:Infinity":42,"b:178:62:178:Infinity:179:62:179:Infinity":9,"b:186:70:186:Infinity:187:70:187:Infinity":10,"b:190:61:190:Infinity:191:64:191:Infinity":11,"b:197:70:197:Infinity:198:70:198:Infinity":12,"b:204:53:204:Infinity:205:56:210:Infinity":13,"f:225:49:225:Infinity":18,"s:226:44:228:Infinity":43,"f:238:49:238:Infinity":19,"s:239:44:239:Infinity":44}}}
,"D:\\Kuliah\\Project\\ScanDine\\resources\\js\\contexts\\AuthContext.jsx": {"path":"D:\\Kuliah\\Project\\ScanDine\\resources\\js\\contexts\\AuthContext.jsx","statementMap":{"0":{"start":{"line":4,"column":6},"end":{"line":4,"column":null}},"1":{"start":{"line":6,"column":23},"end":{"line":6,"column":null}},"2":{"start":{"line":8,"column":28},"end":{"line":104,"column":null}},"3":{"start":{"line":9,"column":24},"end":{"line":9,"column":null}},"4":{"start":{"line":10,"column":26},"end":{"line":10,"column":null}},"5":{"start":{"line":11,"column":34},"end":{"line":11,"column":null}},"6":{"start":{"line":13,"column":4},"end":{"line":41,"column":null}},"7":{"start":{"line":14,"column":27},"end":{"line":38,"column":null}},"8":{"start":{"line":15,"column":12},"end":{"line":18,"column":null}},"9":{"start":{"line":16,"column":16},"end":{"line":16,"column":null}},"10":{"start":{"line":17,"column":16},"end":{"line":17,"column":null}},"11":{"start":{"line":20,"column":12},"end":{"line":37,"column":null}},"12":{"start":{"line":22,"column":16},"end":{"line":24,"column":null}},"13":{"start":{"line":26,"column":33},"end":{"line":26,"column":null}},"14":{"start":{"line":27,"column":16},"end":{"line":31,"column":null}},"15":{"start":{"line":28,"column":20},"end":{"line":28,"column":null}},"16":{"start":{"line":30,"column":20},"end":{"line":30,"column":null}},"17":{"start":{"line":33,"column":16},"end":{"line":33,"column":null}},"18":{"start":{"line":34,"column":16},"end":{"line":34,"column":null}},"19":{"start":{"line":36,"column":16},"end":{"line":36,"column":null}},"20":{"start":{"line":40,"column":8},"end":{"line":40,"column":null}},"21":{"start":{"line":43,"column":18},"end":{"line":71,"column":null}},"22":{"start":{"line":44,"column":8},"end":{"line":70,"column":null}},"23":{"start":{"line":49,"column":29},"end":{"line":52,"column":null}},"24":{"start":{"line":54,"column":12},"end":{"line":63,"column":null}},"25":{"start":{"line":55,"column":40},"end":{"line":55,"column":null}},"26":{"start":{"line":56,"column":16},"end":{"line":56,"column":null}},"27":{"start":{"line":57,"column":16},"end":{"line":57,"column":null}},"28":{"start":{"line":58,"column":16},"end":{"line":58,"column":null}},"29":{"start":{"line":59,"column":16},"end":{"line":61,"column":null}},"30":{"start":{"line":62,"column":16},"end":{"line":62,"column":null}},"31":{"start":{"line":64,"column":12},"end":{"line":64,"column":null}},"32":{"start":{"line":66,"column":12},"end":{"line":69,"column":null}},"33":{"start":{"line":73,"column":19},"end":{"line":81,"column":null}},"34":{"start":{"line":74,"column":8},"end":{"line":80,"column":null}},"35":{"start":{"line":75,"column":12},"end":{"line":75,"column":null}},"36":{"start":{"line":77,"column":12},"end":{"line":77,"column":null}},"37":{"start":{"line":79,"column":12},"end":{"line":79,"column":null}},"38":{"start":{"line":83,"column":25},"end":{"line":88,"column":null}},"39":{"start":{"line":84,"column":8},"end":{"line":84,"column":null}},"40":{"start":{"line":85,"column":8},"end":{"line":85,"column":null}},"41":{"start":{"line":86,"column":8},"end":{"line":86,"column":null}},"42":{"start":{"line":87,"column":8},"end":{"line":87,"column":null}},"43":{"start":{"line":90,"column":4},"end":{"line":102,"column":null}}},"fnMap":{"0":{"name":"(anonymous_0)","decl":{"start":{"line":6,"column":23},"end":{"line":6,"column":29}},"loc":{"start":{"line":6,"column":23},"end":{"line":6,"column":null}},"line":6},"1":{"name":"(anonymous_1)","decl":{"start":{"line":8,"column":28},"end":{"line":8,"column":29}},"loc":{"start":{"line":8,"column":46},"end":{"line":104,"column":null}},"line":8},"2":{"name":"(anonymous_2)","decl":{"start":{"line":13,"column":14},"end":{"line":13,"column":20}},"loc":{"start":{"line":13,"column":20},"end":{"line":41,"column":7}},"line":13},"3":{"name":"(anonymous_3)","decl":{"start":{"line":14,"column":27},"end":{"line":14,"column":39}},"loc":{"start":{"line":14,"column":39},"end":{"line":38,"column":null}},"line":14},"4":{"name":"(anonymous_4)","decl":{"start":{"line":43,"column":18},"end":{"line":43,"column":25}},"loc":{"start":{"line":43,"column":45},"end":{"line":71,"column":null}},"line":43},"5":{"name":"(anonymous_5)","decl":{"start":{"line":73,"column":19},"end":{"line":73,"column":31}},"loc":{"start":{"line":73,"column":31},"end":{"line":81,"column":null}},"line":73},"6":{"name":"(anonymous_6)","decl":{"start":{"line":83,"column":25},"end":{"line":83,"column":31}},"loc":{"start":{"line":83,"column":31},"end":{"line":88,"column":null}},"line":83}},"branchMap":{"0":{"loc":{"start":{"line":15,"column":12},"end":{"line":18,"column":null}},"type":"if","locations":[{"start":{"line":15,"column":12},"end":{"line":18,"column":null}},{"start":{},"end":{}}],"line":15},"1":{"loc":{"start":{"line":27,"column":16},"end":{"line":31,"column":null}},"type":"if","locations":[{"start":{"line":27,"column":16},"end":{"line":31,"column":null}},{"start":{"line":29,"column":23},"end":{"line":31,"column":null}}],"line":27},"2":{"loc":{"start":{"line":54,"column":12},"end":{"line":63,"column":null}},"type":"if","locations":[{"start":{"line":54,"column":12},"end":{"line":63,"column":null}},{"start":{},"end":{}}],"line":54},"3":{"loc":{"start":{"line":68,"column":25},"end":{"line":68,"column":null}},"type":"binary-expr","locations":[{"start":{"line":68,"column":25},"end":{"line":68,"column":58}},{"start":{"line":68,"column":58},"end":{"line":68,"column":null}}],"line":68}},"s":{"0":0,"1":0,"2":0,"3":0,"4":0,"5":0,"6":0,"7":0,"8":0,"9":0,"10":0,"11":0,"12":0,"13":0,"14":0,"15":0,"16":0,"17":0,"18":0,"19":0,"20":0,"21":0,"22":0,"23":0,"24":0,"25":0,"26":0,"27":0,"28":0,"29":0,"30":0,"31":0,"32":0,"33":0,"34":0,"35":0,"36":0,"37":0,"38":0,"39":0,"40":0,"41":0,"42":0,"43":0},"f":{"0":0,"1":0,"2":0,"3":0,"4":0,"5":0,"6":0},"b":{"0":[0,0],"1":[0,0],"2":[0,0],"3":[0,0]},"meta":{"lastBranch":4,"lastFunction":7,"lastStatement":44,"seen":{"s:4:6:4:Infinity":0,"s:6:23:6:Infinity":1,"f:6:23:6:29":0,"s:8:28:104:Infinity":2,"f:8:28:8:29":1,"s:9:24:9:Infinity":3,"s:10:26:10:Infinity":4,"s:11:34:11:Infinity":5,"s:13:4:41:Infinity":6,"f:13:14:13:20":2,"s:14:27:38:Infinity":7,"f:14:27:14:39":3,"b:15:12:18:Infinity:undefined:undefined:undefined:undefined":0,"s:15:12:18:Infinity":8,"s:16:16:16:Infinity":9,"s:17:16:17:Infinity":10,"s:20:12:37:Infinity":11,"s:22:16:24:Infinity":12,"s:26:33:26:Infinity":13,"b:27:16:31:Infinity:29:23:31:Infinity":1,"s:27:16:31:Infinity":14,"s:28:20:28:Infinity":15,"s:30:20:30:Infinity":16,"s:33:16:33:Infinity":17,"s:34:16:34:Infinity":18,"s:36:16:36:Infinity":19,"s:40:8:40:Infinity":20,"s:43:18:71:Infinity":21,"f:43:18:43:25":4,"s:44:8:70:Infinity":22,"s:49:29:52:Infinity":23,"b:54:12:63:Infinity:undefined:undefined:undefined:undefined":2,"s:54:12:63:Infinity":24,"s:55:40:55:Infinity":25,"s:56:16:56:Infinity":26,"s:57:16:57:Infinity":27,"s:58:16:58:Infinity":28,"s:59:16:61:Infinity":29,"s:62:16:62:Infinity":30,"s:64:12:64:Infinity":31,"s:66:12:69:Infinity":32,"b:68:25:68:58:68:58:68:Infinity":3,"s:73:19:81:Infinity":33,"f:73:19:73:31":5,"s:74:8:80:Infinity":34,"s:75:12:75:Infinity":35,"s:77:12:77:Infinity":36,"s:79:12:79:Infinity":37,"s:83:25:88:Infinity":38,"f:83:25:83:31":6,"s:84:8:84:Infinity":39,"s:85:8:85:Infinity":40,"s:86:8:86:Infinity":41,"s:87:8:87:Infinity":42,"s:90:4:102:Infinity":43}}}
,"D:\\Kuliah\\Project\\ScanDine\\resources\\js\\contexts\\CartContext.jsx": {"path":"D:\\Kuliah\\Project\\ScanDine\\resources\\js\\contexts\\CartContext.jsx","statementMap":{"0":{"start":{"line":3,"column":6},"end":{"line":3,"column":null}},"1":{"start":{"line":5,"column":23},"end":{"line":5,"column":null}},"2":{"start":{"line":7,"column":28},"end":{"line":98,"column":null}},"3":{"start":{"line":8,"column":24},"end":{"line":11,"column":null}},"4":{"start":{"line":9,"column":22},"end":{"line":9,"column":null}},"5":{"start":{"line":10,"column":8},"end":{"line":10,"column":null}},"6":{"start":{"line":13,"column":4},"end":{"line":15,"column":null}},"7":{"start":{"line":14,"column":8},"end":{"line":14,"column":null}},"8":{"start":{"line":17,"column":22},"end":{"line":45,"column":null}},"9":{"start":{"line":18,"column":8},"end":{"line":44,"column":null}},"10":{"start":{"line":21,"column":32},"end":{"line":24,"column":null}},"11":{"start":{"line":22,"column":28},"end":{"line":22,"column":32}},"12":{"start":{"line":25,"column":38},"end":{"line":32,"column":null}},"13":{"start":{"line":27,"column":20},"end":{"line":31,"column":null}},"14":{"start":{"line":29,"column":36},"end":{"line":29,"column":40}},"15":{"start":{"line":34,"column":12},"end":{"line":38,"column":null}},"16":{"start":{"line":35,"column":32},"end":{"line":35,"column":null}},"17":{"start":{"line":36,"column":16},"end":{"line":36,"column":null}},"18":{"start":{"line":37,"column":16},"end":{"line":37,"column":null}},"19":{"start":{"line":40,"column":12},"end":{"line":43,"column":null}},"20":{"start":{"line":47,"column":27},"end":{"line":49,"column":null}},"21":{"start":{"line":48,"column":8},"end":{"line":48,"column":null}},"22":{"start":{"line":48,"column":26},"end":{"line":48,"column":71}},"23":{"start":{"line":48,"column":48},"end":{"line":48,"column":70}},"24":{"start":{"line":51,"column":27},"end":{"line":65,"column":null}},"25":{"start":{"line":52,"column":8},"end":{"line":64,"column":null}},"26":{"start":{"line":53,"column":12},"end":{"line":63,"column":null}},"27":{"start":{"line":55,"column":20},"end":{"line":60,"column":null}},"28":{"start":{"line":56,"column":24},"end":{"line":59,"column":null}},"29":{"start":{"line":61,"column":20},"end":{"line":61,"column":null}},"30":{"start":{"line":63,"column":34},"end":{"line":63,"column":51}},"31":{"start":{"line":67,"column":22},"end":{"line":67,"column":null}},"32":{"start":{"line":67,"column":28},"end":{"line":67,"column":null}},"33":{"start":{"line":69,"column":25},"end":{"line":78,"column":null}},"34":{"start":{"line":70,"column":8},"end":{"line":77,"column":null}},"35":{"start":{"line":71,"column":30},"end":{"line":71,"column":null}},"36":{"start":{"line":72,"column":35},"end":{"line":75,"column":null}},"37":{"start":{"line":73,"column":30},"end":{"line":73,"column":null}},"38":{"start":{"line":76,"column":12},"end":{"line":76,"column":null}},"39":{"start":{"line":80,"column":25},"end":{"line":81,"column":null}},"40":{"start":{"line":81,"column":8},"end":{"line":81,"column":null}},"41":{"start":{"line":81,"column":35},"end":{"line":81,"column":56}},"42":{"start":{"line":83,"column":4},"end":{"line":96,"column":null}}},"fnMap":{"0":{"name":"(anonymous_0)","decl":{"start":{"line":5,"column":23},"end":{"line":5,"column":29}},"loc":{"start":{"line":5,"column":23},"end":{"line":5,"column":null}},"line":5},"1":{"name":"(anonymous_1)","decl":{"start":{"line":7,"column":28},"end":{"line":7,"column":29}},"loc":{"start":{"line":7,"column":46},"end":{"line":98,"column":null}},"line":7},"2":{"name":"(anonymous_2)","decl":{"start":{"line":8,"column":37},"end":{"line":8,"column":43}},"loc":{"start":{"line":8,"column":43},"end":{"line":11,"column":5}},"line":8},"3":{"name":"(anonymous_3)","decl":{"start":{"line":13,"column":14},"end":{"line":13,"column":20}},"loc":{"start":{"line":13,"column":20},"end":{"line":15,"column":7}},"line":13},"4":{"name":"(anonymous_4)","decl":{"start":{"line":17,"column":22},"end":{"line":17,"column":23}},"loc":{"start":{"line":17,"column":65},"end":{"line":45,"column":null}},"line":17},"5":{"name":"(anonymous_5)","decl":{"start":{"line":18,"column":16},"end":{"line":18,"column":17}},"loc":{"start":{"line":18,"column":26},"end":{"line":44,"column":9}},"line":18},"6":{"name":"(anonymous_6)","decl":{"start":{"line":22,"column":21},"end":{"line":22,"column":22}},"loc":{"start":{"line":22,"column":28},"end":{"line":22,"column":32}},"line":22},"7":{"name":"(anonymous_7)","decl":{"start":{"line":26,"column":16},"end":{"line":26,"column":17}},"loc":{"start":{"line":27,"column":20},"end":{"line":31,"column":null}},"line":27},"8":{"name":"(anonymous_8)","decl":{"start":{"line":29,"column":29},"end":{"line":29,"column":30}},"loc":{"start":{"line":29,"column":36},"end":{"line":29,"column":40}},"line":29},"9":{"name":"(anonymous_9)","decl":{"start":{"line":47,"column":27},"end":{"line":47,"column":28}},"loc":{"start":{"line":47,"column":39},"end":{"line":49,"column":null}},"line":47},"10":{"name":"(anonymous_10)","decl":{"start":{"line":48,"column":16},"end":{"line":48,"column":17}},"loc":{"start":{"line":48,"column":26},"end":{"line":48,"column":71}},"line":48},"11":{"name":"(anonymous_11)","decl":{"start":{"line":48,"column":38},"end":{"line":48,"column":39}},"loc":{"start":{"line":48,"column":48},"end":{"line":48,"column":70}},"line":48},"12":{"name":"(anonymous_12)","decl":{"start":{"line":51,"column":27},"end":{"line":51,"column":28}},"loc":{"start":{"line":51,"column":46},"end":{"line":65,"column":null}},"line":51},"13":{"name":"(anonymous_13)","decl":{"start":{"line":52,"column":16},"end":{"line":52,"column":17}},"loc":{"start":{"line":53,"column":12},"end":{"line":63,"column":null}},"line":53},"14":{"name":"(anonymous_14)","decl":{"start":{"line":54,"column":21},"end":{"line":54,"column":22}},"loc":{"start":{"line":54,"column":31},"end":{"line":62,"column":17}},"line":54},"15":{"name":"(anonymous_15)","decl":{"start":{"line":63,"column":24},"end":{"line":63,"column":25}},"loc":{"start":{"line":63,"column":34},"end":{"line":63,"column":51}},"line":63},"16":{"name":"(anonymous_16)","decl":{"start":{"line":67,"column":22},"end":{"line":67,"column":28}},"loc":{"start":{"line":67,"column":28},"end":{"line":67,"column":null}},"line":67},"17":{"name":"(anonymous_17)","decl":{"start":{"line":69,"column":25},"end":{"line":69,"column":31}},"loc":{"start":{"line":69,"column":31},"end":{"line":78,"column":null}},"line":69},"18":{"name":"(anonymous_18)","decl":{"start":{"line":70,"column":27},"end":{"line":70,"column":28}},"loc":{"start":{"line":70,"column":44},"end":{"line":77,"column":11}},"line":70},"19":{"name":"(anonymous_19)","decl":{"start":{"line":73,"column":16},"end":{"line":73,"column":17}},"loc":{"start":{"line":73,"column":30},"end":{"line":73,"column":null}},"line":73},"20":{"name":"(anonymous_20)","decl":{"start":{"line":80,"column":25},"end":{"line":80,"column":null}},"loc":{"start":{"line":81,"column":8},"end":{"line":81,"column":null}},"line":81},"21":{"name":"(anonymous_21)","decl":{"start":{"line":81,"column":20},"end":{"line":81,"column":21}},"loc":{"start":{"line":81,"column":35},"end":{"line":81,"column":56}},"line":81}},"branchMap":{"0":{"loc":{"start":{"line":10,"column":15},"end":{"line":10,"column":null}},"type":"cond-expr","locations":[{"start":{"line":10,"column":23},"end":{"line":10,"column":43}},{"start":{"line":10,"column":43},"end":{"line":10,"column":null}}],"line":10},"1":{"loc":{"start":{"line":17,"column":32},"end":{"line":17,"column":46}},"type":"default-arg","locations":[{"start":{"line":17,"column":43},"end":{"line":17,"column":46}}],"line":17},"2":{"loc":{"start":{"line":17,"column":46},"end":{"line":17,"column":65}},"type":"default-arg","locations":[{"start":{"line":17,"column":58},"end":{"line":17,"column":65}}],"line":17},"3":{"loc":{"start":{"line":27,"column":20},"end":{"line":31,"column":null}},"type":"binary-expr","locations":[{"start":{"line":27,"column":20},"end":{"line":27,"column":null}},{"start":{"line":28,"column":20},"end":{"line":31,"column":null}}],"line":27},"4":{"loc":{"start":{"line":34,"column":12},"end":{"line":38,"column":null}},"type":"if","locations":[{"start":{"line":34,"column":12},"end":{"line":38,"column":null}},{"start":{},"end":{}}],"line":34},"5":{"loc":{"start":{"line":55,"column":20},"end":{"line":60,"column":null}},"type":"if","locations":[{"start":{"line":55,"column":20},"end":{"line":60,"column":null}},{"start":{},"end":{}}],"line":55}},"s":{"0":0,"1":0,"2":0,"3":0,"4":0,"5":0,"6":0,"7":0,"8":0,"9":0,"10":0,"11":0,"12":0,"13":0,"14":0,"15":0,"16":0,"17":0,"18":0,"19":0,"20":0,"21":0,"22":0,"23":0,"24":0,"25":0,"26":0,"27":0,"28":0,"29":0,"30":0,"31":0,"32":0,"33":0,"34":0,"35":0,"36":0,"37":0,"38":0,"39":0,"40":0,"41":0,"42":0},"f":{"0":0,"1":0,"2":0,"3":0,"4":0,"5":0,"6":0,"7":0,"8":0,"9":0,"10":0,"11":0,"12":0,"13":0,"14":0,"15":0,"16":0,"17":0,"18":0,"19":0,"20":0,"21":0},"b":{"0":[0,0],"1":[0],"2":[0],"3":[0,0],"4":[0,0],"5":[0,0]},"meta":{"lastBranch":6,"lastFunction":22,"lastStatement":43,"seen":{"s:3:6:3:Infinity":0,"s:5:23:5:Infinity":1,"f:5:23:5:29":0,"s:7:28:98:Infinity":2,"f:7:28:7:29":1,"s:8:24:11:Infinity":3,"f:8:37:8:43":2,"s:9:22:9:Infinity":4,"s:10:8:10:Infinity":5,"b:10:23:10:43:10:43:10:Infinity":0,"s:13:4:15:Infinity":6,"f:13:14:13:20":3,"s:14:8:14:Infinity":7,"s:17:22:45:Infinity":8,"f:17:22:17:23":4,"b:17:43:17:46":1,"b:17:58:17:65":2,"s:18:8:44:Infinity":9,"f:18:16:18:17":5,"s:21:32:24:Infinity":10,"f:22:21:22:22":6,"s:22:28:22:32":11,"s:25:38:32:Infinity":12,"f:26:16:26:17":7,"s:27:20:31:Infinity":13,"b:27:20:27:Infinity:28:20:31:Infinity":3,"f:29:29:29:30":8,"s:29:36:29:40":14,"b:34:12:38:Infinity:undefined:undefined:undefined:undefined":4,"s:34:12:38:Infinity":15,"s:35:32:35:Infinity":16,"s:36:16:36:Infinity":17,"s:37:16:37:Infinity":18,"s:40:12:43:Infinity":19,"s:47:27:49:Infinity":20,"f:47:27:47:28":9,"s:48:8:48:Infinity":21,"f:48:16:48:17":10,"s:48:26:48:71":22,"f:48:38:48:39":11,"s:48:48:48:70":23,"s:51:27:65:Infinity":24,"f:51:27:51:28":12,"s:52:8:64:Infinity":25,"f:52:16:52:17":13,"s:53:12:63:Infinity":26,"f:54:21:54:22":14,"b:55:20:60:Infinity:undefined:undefined:undefined:undefined":5,"s:55:20:60:Infinity":27,"s:56:24:59:Infinity":28,"s:61:20:61:Infinity":29,"f:63:24:63:25":15,"s:63:34:63:51":30,"s:67:22:67:Infinity":31,"f:67:22:67:28":16,"s:67:28:67:Infinity":32,"s:69:25:78:Infinity":33,"f:69:25:69:31":17,"s:70:8:77:Infinity":34,"f:70:27:70:28":18,"s:71:30:71:Infinity":35,"s:72:35:75:Infinity":36,"f:73:16:73:17":19,"s:73:30:73:Infinity":37,"s:76:12:76:Infinity":38,"s:80:25:81:Infinity":39,"f:80:25:80:Infinity":20,"s:81:8:81:Infinity":40,"f:81:20:81:21":21,"s:81:35:81:56":41,"s:83:4:96:Infinity":42}}}
,"D:\\Kuliah\\Project\\ScanDine\\resources\\js\\hooks\\useCheckout.js": {"path":"D:\\Kuliah\\Project\\ScanDine\\resources\\js\\hooks\\useCheckout.js","statementMap":{"0":{"start":{"line":11,"column":27},"end":{"line":100,"column":1}},"1":{"start":{"line":12,"column":20},"end":{"line":12,"column":34}},"2":{"start":{"line":13,"column":45},"end":{"line":13,"column":55}},"3":{"start":{"line":14,"column":43},"end":{"line":14,"column":59}},"4":{"start":{"line":15,"column":29},"end":{"line":15,"column":44}},"5":{"start":{"line":23,"column":27},"end":{"line":41,"column":6}},"6":{"start":{"line":23,"column":53},"end":{"line":41,"column":5}},"7":{"start":{"line":28,"column":35},"end":{"line":40,"column":9}},"8":{"start":{"line":34,"column":47},"end":{"line":38,"column":19}},"9":{"start":{"line":48,"column":30},"end":{"line":66,"column":5}},"10":{"start":{"line":49,"column":8},"end":{"line":53,"column":null}},"11":{"start":{"line":50,"column":12},"end":{"line":50,"column":null}},"12":{"start":{"line":51,"column":12},"end":{"line":51,"column":null}},"13":{"start":{"line":52,"column":12},"end":{"line":52,"column":null}},"14":{"start":{"line":54,"column":8},"end":{"line":65,"column":null}},"15":{"start":{"line":56,"column":16},"end":{"line":56,"column":null}},"16":{"start":{"line":57,"column":16},"end":{"line":57,"column":null}},"17":{"start":{"line":60,"column":16},"end":{"line":60,"column":null}},"18":{"start":{"line":61,"column":16},"end":{"line":61,"column":null}},"19":{"start":{"line":63,"column":27},"end":{"line":63,"column":54}},"20":{"start":{"line":64,"column":27},"end":{"line":64,"column":61}},"21":{"start":{"line":72,"column":28},"end":{"line":97,"column":5}},"22":{"start":{"line":73,"column":8},"end":{"line":73,"column":null}},"23":{"start":{"line":74,"column":8},"end":{"line":74,"column":null}},"24":{"start":{"line":75,"column":8},"end":{"line":96,"column":null}},"25":{"start":{"line":76,"column":30},"end":{"line":76,"column":64}},"26":{"start":{"line":77,"column":12},"end":{"line":77,"column":null}},"27":{"start":{"line":77,"column":28},"end":{"line":77,"column":null}},"28":{"start":{"line":79,"column":28},"end":{"line":79,"column":63}},"29":{"start":{"line":80,"column":29},"end":{"line":80,"column":68}},"30":{"start":{"line":82,"column":12},"end":{"line":89,"column":null}},"31":{"start":{"line":83,"column":16},"end":{"line":88,"column":null}},"32":{"start":{"line":84,"column":20},"end":{"line":84,"column":null}},"33":{"start":{"line":86,"column":20},"end":{"line":86,"column":null}},"34":{"start":{"line":87,"column":20},"end":{"line":87,"column":null}},"35":{"start":{"line":91,"column":12},"end":{"line":93,"column":null}},"36":{"start":{"line":95,"column":12},"end":{"line":95,"column":null}},"37":{"start":{"line":99,"column":4},"end":{"line":99,"column":null}}},"fnMap":{"0":{"name":"(anonymous_0)","decl":{"start":{"line":11,"column":27},"end":{"line":11,"column":28}},"loc":{"start":{"line":11,"column":33},"end":{"line":100,"column":1}},"line":11},"1":{"name":"(anonymous_1)","decl":{"start":{"line":23,"column":27},"end":{"line":23,"column":28}},"loc":{"start":{"line":23,"column":53},"end":{"line":41,"column":5}},"line":23},"2":{"name":"(anonymous_2)","decl":{"start":{"line":28,"column":24},"end":{"line":28,"column":25}},"loc":{"start":{"line":28,"column":35},"end":{"line":40,"column":9}},"line":28},"3":{"name":"(anonymous_3)","decl":{"start":{"line":34,"column":37},"end":{"line":34,"column":38}},"loc":{"start":{"line":34,"column":47},"end":{"line":38,"column":19}},"line":34},"4":{"name":"(anonymous_4)","decl":{"start":{"line":48,"column":30},"end":{"line":48,"column":31}},"loc":{"start":{"line":48,"column":52},"end":{"line":66,"column":5}},"line":48},"5":{"name":"(anonymous_5)","decl":{"start":{"line":55,"column":23},"end":{"line":55,"column":24}},"loc":{"start":{"line":55,"column":29},"end":{"line":58,"column":13}},"line":55},"6":{"name":"(anonymous_6)","decl":{"start":{"line":59,"column":23},"end":{"line":59,"column":24}},"loc":{"start":{"line":59,"column":29},"end":{"line":62,"column":13}},"line":59},"7":{"name":"(anonymous_7)","decl":{"start":{"line":63,"column":21},"end":{"line":63,"column":22}},"loc":{"start":{"line":63,"column":27},"end":{"line":63,"column":54}},"line":63},"8":{"name":"(anonymous_8)","decl":{"start":{"line":64,"column":21},"end":{"line":64,"column":22}},"loc":{"start":{"line":64,"column":27},"end":{"line":64,"column":61}},"line":64},"9":{"name":"(anonymous_9)","decl":{"start":{"line":72,"column":28},"end":{"line":72,"column":33}},"loc":{"start":{"line":72,"column":48},"end":{"line":97,"column":5}},"line":72}},"branchMap":{"0":{"loc":{"start":{"line":25,"column":23},"end":{"line":25,"column":55}},"type":"binary-expr","locations":[{"start":{"line":25,"column":23},"end":{"line":25,"column":44}},{"start":{"line":25,"column":48},"end":{"line":25,"column":55}}],"line":25},"1":{"loc":{"start":{"line":32,"column":19},"end":{"line":32,"column":37}},"type":"binary-expr","locations":[{"start":{"line":32,"column":19},"end":{"line":32,"column":29}},{"start":{"line":32,"column":33},"end":{"line":32,"column":37}}],"line":32},"2":{"loc":{"start":{"line":33,"column":23},"end":{"line":39,"column":20}},"type":"cond-expr","locations":[{"start":{"line":34,"column":18},"end":{"line":38,"column":null}},{"start":{"line":39,"column":18},"end":{"line":39,"column":20}}],"line":33},"3":{"loc":{"start":{"line":49,"column":8},"end":{"line":53,"column":null}},"type":"if","locations":[{"start":{"line":49,"column":8},"end":{"line":53,"column":null}},{"start":{},"end":{}}],"line":49},"4":{"loc":{"start":{"line":77,"column":12},"end":{"line":77,"column":null}},"type":"if","locations":[{"start":{"line":77,"column":12},"end":{"line":77,"column":null}},{"start":{},"end":{}}],"line":77},"5":{"loc":{"start":{"line":82,"column":12},"end":{"line":89,"column":null}},"type":"if","locations":[{"start":{"line":82,"column":12},"end":{"line":89,"column":null}},{"start":{},"end":{}}],"line":82},"6":{"loc":{"start":{"line":83,"column":16},"end":{"line":88,"column":null}},"type":"if","locations":[{"start":{"line":83,"column":16},"end":{"line":88,"column":null}},{"start":{"line":85,"column":23},"end":{"line":88,"column":null}}],"line":83},"7":{"loc":{"start":{"line":92,"column":16},"end":{"line":92,"column":null}},"type":"binary-expr","locations":[{"start":{"line":92,"column":16},"end":{"line":92,"column":43}},{"start":{"line":92,"column":47},"end":{"line":92,"column":58}},{"start":{"line":92,"column":62},"end":{"line":92,"column":null}}],"line":92}},"s":{"0":0,"1":0,"2":0,"3":0,"4":0,"5":0,"6":0,"7":0,"8":0,"9":0,"10":0,"11":0,"12":0,"13":0,"14":0,"15":0,"16":0,"17":0,"18":0,"19":0,"20":0,"21":0,"22":0,"23":0,"24":0,"25":0,"26":0,"27":0,"28":0,"29":0,"30":0,"31":0,"32":0,"33":0,"34":0,"35":0,"36":0,"37":0},"f":{"0":0,"1":0,"2":0,"3":0,"4":0,"5":0,"6":0,"7":0,"8":0,"9":0},"b":{"0":[0,0],"1":[0,0],"2":[0,0],"3":[0,0],"4":[0,0],"5":[0,0],"6":[0,0],"7":[0,0,0]},"meta":{"lastBranch":8,"lastFunction":10,"lastStatement":38,"seen":{"s:11:27:100:1":0,"f:11:27:11:28":0,"s:12:20:12:34":1,"s:13:45:13:55":2,"s:14:43:14:59":3,"s:15:29:15:44":4,"s:23:27:41:6":5,"f:23:27:23:28":1,"s:23:53:41:5":6,"b:25:23:25:44:25:48:25:55":0,"f:28:24:28:25":2,"s:28:35:40:9":7,"b:32:19:32:29:32:33:32:37":1,"b:34:18:38:Infinity:39:18:39:20":2,"f:34:37:34:38":3,"s:34:47:38:19":8,"s:48:30:66:5":9,"f:48:30:48:31":4,"b:49:8:53:Infinity:undefined:undefined:undefined:undefined":3,"s:49:8:53:Infinity":10,"s:50:12:50:Infinity":11,"s:51:12:51:Infinity":12,"s:52:12:52:Infinity":13,"s:54:8:65:Infinity":14,"f:55:23:55:24":5,"s:56:16:56:Infinity":15,"s:57:16:57:Infinity":16,"f:59:23:59:24":6,"s:60:16:60:Infinity":17,"s:61:16:61:Infinity":18,"f:63:21:63:22":7,"s:63:27:63:54":19,"f:64:21:64:22":8,"s:64:27:64:61":20,"s:72:28:97:5":21,"f:72:28:72:33":9,"s:73:8:73:Infinity":22,"s:74:8:74:Infinity":23,"s:75:8:96:Infinity":24,"s:76:30:76:64":25,"b:77:12:77:Infinity:undefined:undefined:undefined:undefined":4,"s:77:12:77:Infinity":26,"s:77:28:77:Infinity":27,"s:79:28:79:63":28,"s:80:29:80:68":29,"b:82:12:89:Infinity:undefined:undefined:undefined:undefined":5,"s:82:12:89:Infinity":30,"b:83:16:88:Infinity:85:23:88:Infinity":6,"s:83:16:88:Infinity":31,"s:84:20:84:Infinity":32,"s:86:20:86:Infinity":33,"s:87:20:87:Infinity":34,"s:91:12:93:Infinity":35,"b:92:16:92:43:92:47:92:58:92:62:92:Infinity":7,"s:95:12:95:Infinity":36,"s:99:4:99:Infinity":37}}}
,"D:\\Kuliah\\Project\\ScanDine\\resources\\js\\hooks\\useMenu.js": {"path":"D:\\Kuliah\\Project\\ScanDine\\resources\\js\\hooks\\useMenu.js","statementMap":{"0":{"start":{"line":11,"column":23},"end":{"line":103,"column":1}},"1":{"start":{"line":12,"column":26},"end":{"line":12,"column":44}},"2":{"start":{"line":13,"column":22},"end":{"line":13,"column":47}},"3":{"start":{"line":15,"column":29},"end":{"line":21,"column":6}},"4":{"start":{"line":27,"column":24},"end":{"line":33,"column":19}},"5":{"start":{"line":28,"column":8},"end":{"line":31,"column":null}},"6":{"start":{"line":29,"column":12},"end":{"line":29,"column":null}},"7":{"start":{"line":30,"column":12},"end":{"line":30,"column":null}},"8":{"start":{"line":32,"column":8},"end":{"line":32,"column":null}},"9":{"start":{"line":39,"column":26},"end":{"line":48,"column":5}},"10":{"start":{"line":40,"column":8},"end":{"line":47,"column":null}},"11":{"start":{"line":54,"column":24},"end":{"line":60,"column":5}},"12":{"start":{"line":55,"column":8},"end":{"line":59,"column":null}},"13":{"start":{"line":55,"column":28},"end":{"line":59,"column":9}},"14":{"start":{"line":65,"column":21},"end":{"line":83,"column":22}},"15":{"start":{"line":66,"column":28},"end":{"line":66,"column":42}},"16":{"start":{"line":67,"column":8},"end":{"line":74,"column":null}},"17":{"start":{"line":68,"column":12},"end":{"line":72,"column":null}},"18":{"start":{"line":68,"column":32},"end":{"line":72,"column":13}},"19":{"start":{"line":73,"column":12},"end":{"line":73,"column":null}},"20":{"start":{"line":76,"column":8},"end":{"line":82,"column":null}},"21":{"start":{"line":77,"column":12},"end":{"line":77,"column":null}},"22":{"start":{"line":77,"column":32},"end":{"line":77,"column":58}},"23":{"start":{"line":78,"column":29},"end":{"line":78,"column":67}},"24":{"start":{"line":79,"column":12},"end":{"line":79,"column":null}},"25":{"start":{"line":79,"column":34},"end":{"line":79,"column":null}},"26":{"start":{"line":81,"column":12},"end":{"line":81,"column":null}},"27":{"start":{"line":85,"column":3},"end":{"line":87,"column":null}},"28":{"start":{"line":86,"column":8},"end":{"line":86,"column":null}},"29":{"start":{"line":89,"column":29},"end":{"line":95,"column":48}},"30":{"start":{"line":90,"column":8},"end":{"line":90,"column":null}},"31":{"start":{"line":90,"column":63},"end":{"line":90,"column":null}},"32":{"start":{"line":91,"column":25},"end":{"line":93,"column":9}},"33":{"start":{"line":92,"column":19},"end":{"line":92,"column":null}},"34":{"start":{"line":94,"column":8},"end":{"line":94,"column":null}},"35":{"start":{"line":97,"column":4},"end":{"line":102,"column":null}},"36":{"start":{"line":100,"column":12},"end":{"line":100,"column":65}},"37":{"start":{"line":100,"column":32},"end":{"line":100,"column":63}}},"fnMap":{"0":{"name":"(anonymous_0)","decl":{"start":{"line":11,"column":23},"end":{"line":11,"column":24}},"loc":{"start":{"line":11,"column":29},"end":{"line":103,"column":1}},"line":11},"1":{"name":"(anonymous_1)","decl":{"start":{"line":27,"column":37},"end":{"line":27,"column":38}},"loc":{"start":{"line":27,"column":43},"end":{"line":33,"column":5}},"line":27},"2":{"name":"(anonymous_2)","decl":{"start":{"line":39,"column":26},"end":{"line":39,"column":27}},"loc":{"start":{"line":39,"column":36},"end":{"line":48,"column":5}},"line":39},"3":{"name":"(anonymous_3)","decl":{"start":{"line":54,"column":24},"end":{"line":54,"column":25}},"loc":{"start":{"line":54,"column":33},"end":{"line":60,"column":5}},"line":54},"4":{"name":"(anonymous_4)","decl":{"start":{"line":55,"column":17},"end":{"line":55,"column":18}},"loc":{"start":{"line":55,"column":28},"end":{"line":59,"column":9}},"line":55},"5":{"name":"(anonymous_5)","decl":{"start":{"line":65,"column":34},"end":{"line":65,"column":39}},"loc":{"start":{"line":65,"column":46},"end":{"line":83,"column":5}},"line":65},"6":{"name":"(anonymous_6)","decl":{"start":{"line":68,"column":21},"end":{"line":68,"column":22}},"loc":{"start":{"line":68,"column":32},"end":{"line":72,"column":13}},"line":68},"7":{"name":"(anonymous_7)","decl":{"start":{"line":77,"column":21},"end":{"line":77,"column":22}},"loc":{"start":{"line":77,"column":32},"end":{"line":77,"column":58}},"line":77},"8":{"name":"(anonymous_8)","decl":{"start":{"line":85,"column":14},"end":{"line":85,"column":15}},"loc":{"start":{"line":85,"column":20},"end":{"line":87,"column":5}},"line":85},"9":{"name":"(anonymous_9)","decl":{"start":{"line":89,"column":42},"end":{"line":89,"column":43}},"loc":{"start":{"line":89,"column":48},"end":{"line":95,"column":5}},"line":89},"10":{"name":"(anonymous_10)","decl":{"start":{"line":92,"column":12},"end":{"line":92,"column":13}},"loc":{"start":{"line":92,"column":19},"end":{"line":92,"column":null}},"line":92},"11":{"name":"(anonymous_11)","decl":{"start":{"line":99,"column":27},"end":{"line":99,"column":28}},"loc":{"start":{"line":100,"column":12},"end":{"line":100,"column":65}},"line":100},"12":{"name":"(anonymous_12)","decl":{"start":{"line":100,"column":21},"end":{"line":100,"column":22}},"loc":{"start":{"line":100,"column":32},"end":{"line":100,"column":63}},"line":100}},"branchMap":{"0":{"loc":{"start":{"line":28,"column":8},"end":{"line":31,"column":null}},"type":"if","locations":[{"start":{"line":28,"column":8},"end":{"line":31,"column":null}},{"start":{},"end":{}}],"line":28},"1":{"loc":{"start":{"line":44,"column":16},"end":{"line":44,"column":73}},"type":"cond-expr","locations":[{"start":{"line":44,"column":45},"end":{"line":44,"column":66}},{"start":{"line":44,"column":69},"end":{"line":44,"column":73}}],"line":44},"2":{"loc":{"start":{"line":58,"column":19},"end":{"line":58,"column":70}},"type":"binary-expr","locations":[{"start":{"line":58,"column":19},"end":{"line":58,"column":46}},{"start":{"line":58,"column":50},"end":{"line":58,"column":70}}],"line":58},"3":{"loc":{"start":{"line":67,"column":8},"end":{"line":74,"column":null}},"type":"if","locations":[{"start":{"line":67,"column":8},"end":{"line":74,"column":null}},{"start":{},"end":{}}],"line":67},"4":{"loc":{"start":{"line":79,"column":12},"end":{"line":79,"column":null}},"type":"if","locations":[{"start":{"line":79,"column":12},"end":{"line":79,"column":null}},{"start":{},"end":{}}],"line":79},"5":{"loc":{"start":{"line":90,"column":8},"end":{"line":90,"column":null}},"type":"if","locations":[{"start":{"line":90,"column":8},"end":{"line":90,"column":null}},{"start":{},"end":{}}],"line":90},"6":{"loc":{"start":{"line":90,"column":12},"end":{"line":90,"column":61}},"type":"binary-expr","locations":[{"start":{"line":90,"column":12},"end":{"line":90,"column":33}},{"start":{"line":90,"column":37},"end":{"line":90,"column":61}}],"line":90},"7":{"loc":{"start":{"line":94,"column":15},"end":{"line":94,"column":50}},"type":"cond-expr","locations":[{"start":{"line":94,"column":26},"end":{"line":94,"column":45}},{"start":{"line":94,"column":48},"end":{"line":94,"column":50}}],"line":94}},"s":{"0":0,"1":0,"2":0,"3":0,"4":0,"5":0,"6":0,"7":0,"8":0,"9":0,"10":0,"11":0,"12":0,"13":0,"14":0,"15":0,"16":0,"17":0,"18":0,"19":0,"20":0,"21":0,"22":0,"23":0,"24":0,"25":0,"26":0,"27":0,"28":0,"29":0,"30":0,"31":0,"32":0,"33":0,"34":0,"35":0,"36":0,"37":0},"f":{"0":0,"1":0,"2":0,"3":0,"4":0,"5":0,"6":0,"7":0,"8":0,"9":0,"10":0,"11":0,"12":0},"b":{"0":[0,0],"1":[0,0],"2":[0,0],"3":[0,0],"4":[0,0],"5":[0,0],"6":[0,0],"7":[0,0]},"meta":{"lastBranch":8,"lastFunction":13,"lastStatement":38,"seen":{"s:11:23:103:1":0,"f:11:23:11:24":0,"s:12:26:12:44":1,"s:13:22:13:47":2,"s:15:29:21:6":3,"s:27:24:33:19":4,"f:27:37:27:38":1,"b:28:8:31:Infinity:undefined:undefined:undefined:undefined":0,"s:28:8:31:Infinity":5,"s:29:12:29:Infinity":6,"s:30:12:30:Infinity":7,"s:32:8:32:Infinity":8,"s:39:26:48:5":9,"f:39:26:39:27":2,"s:40:8:47:Infinity":10,"b:44:45:44:66:44:69:44:73":1,"s:54:24:60:5":11,"f:54:24:54:25":3,"s:55:8:59:Infinity":12,"f:55:17:55:18":4,"s:55:28:59:9":13,"b:58:19:58:46:58:50:58:70":2,"s:65:21:83:22":14,"f:65:34:65:39":5,"s:66:28:66:42":15,"b:67:8:74:Infinity:undefined:undefined:undefined:undefined":3,"s:67:8:74:Infinity":16,"s:68:12:72:Infinity":17,"f:68:21:68:22":6,"s:68:32:72:13":18,"s:73:12:73:Infinity":19,"s:76:8:82:Infinity":20,"s:77:12:77:Infinity":21,"f:77:21:77:22":7,"s:77:32:77:58":22,"s:78:29:78:67":23,"b:79:12:79:Infinity:undefined:undefined:undefined:undefined":4,"s:79:12:79:Infinity":24,"s:79:34:79:Infinity":25,"s:81:12:81:Infinity":26,"s:85:3:87:Infinity":27,"f:85:14:85:15":8,"s:86:8:86:Infinity":28,"s:89:29:95:48":29,"f:89:42:89:43":9,"b:90:8:90:Infinity:undefined:undefined:undefined:undefined":5,"s:90:8:90:Infinity":30,"b:90:12:90:33:90:37:90:61":6,"s:90:63:90:Infinity":31,"s:91:25:93:9":32,"f:92:12:92:13":10,"s:92:19:92:Infinity":33,"s:94:8:94:Infinity":34,"b:94:26:94:45:94:48:94:50":7,"s:97:4:102:Infinity":35,"f:99:27:99:28":11,"s:100:12:100:65":36,"f:100:21:100:22":12,"s:100:32:100:63":37}}}
,"D:\\Kuliah\\Project\\ScanDine\\resources\\js\\layouts\\AdminLayout.jsx": {"path":"D:\\Kuliah\\Project\\ScanDine\\resources\\js\\layouts\\AdminLayout.jsx","statementMap":{"0":{"start":{"line":18,"column":20},"end":{"line":161,"column":null}},"1":{"start":{"line":19,"column":19},"end":{"line":19,"column":null}},"2":{"start":{"line":20,"column":10},"end":{"line":20,"column":null}},"3":{"start":{"line":21,"column":48},"end":{"line":21,"column":null}},"4":{"start":{"line":23,"column":22},"end":{"line":50,"column":null}},"5":{"start":{"line":52,"column":29},"end":{"line":52,"column":null}},"6":{"start":{"line":52,"column":35},"end":{"line":52,"column":null}},"7":{"start":{"line":53,"column":28},"end":{"line":53,"column":null}},"8":{"start":{"line":53,"column":34},"end":{"line":53,"column":null}},"9":{"start":{"line":55,"column":4},"end":{"line":159,"column":null}},"10":{"start":{"line":100,"column":28},"end":{"line":117,"column":null}},"11":{"start":{"line":104,"column":61},"end":{"line":110,"column":null}}},"fnMap":{"0":{"name":"(anonymous_0)","decl":{"start":{"line":18,"column":20},"end":{"line":18,"column":26}},"loc":{"start":{"line":18,"column":26},"end":{"line":161,"column":null}},"line":18},"1":{"name":"(anonymous_1)","decl":{"start":{"line":52,"column":29},"end":{"line":52,"column":35}},"loc":{"start":{"line":52,"column":35},"end":{"line":52,"column":null}},"line":52},"2":{"name":"(anonymous_2)","decl":{"start":{"line":53,"column":28},"end":{"line":53,"column":34}},"loc":{"start":{"line":53,"column":34},"end":{"line":53,"column":null}},"line":53},"3":{"name":"(anonymous_3)","decl":{"start":{"line":99,"column":39},"end":{"line":99,"column":40}},"loc":{"start":{"line":100,"column":28},"end":{"line":117,"column":null}},"line":100},"4":{"name":"(anonymous_4)","decl":{"start":{"line":104,"column":43},"end":{"line":104,"column":44}},"loc":{"start":{"line":104,"column":61},"end":{"line":110,"column":null}},"line":104}},"branchMap":{"0":{"loc":{"start":{"line":58,"column":13},"end":{"line":62,"column":null}},"type":"binary-expr","locations":[{"start":{"line":58,"column":13},"end":{"line":58,"column":null}},{"start":{"line":59,"column":16},"end":{"line":62,"column":null}}],"line":58},"1":{"loc":{"start":{"line":70,"column":22},"end":{"line":70,"column":78}},"type":"cond-expr","locations":[{"start":{"line":70,"column":41},"end":{"line":70,"column":59}},{"start":{"line":70,"column":59},"end":{"line":70,"column":78}}],"line":70},"2":{"loc":{"start":{"line":107,"column":40},"end":{"line":109,"column":null}},"type":"cond-expr","locations":[{"start":{"line":108,"column":46},"end":{"line":108,"column":null}},{"start":{"line":109,"column":46},"end":{"line":109,"column":null}}],"line":107}},"s":{"0":0,"1":0,"2":0,"3":0,"4":0,"5":0,"6":0,"7":0,"8":0,"9":0,"10":0,"11":0},"f":{"0":0,"1":0,"2":0,"3":0,"4":0},"b":{"0":[0,0],"1":[0,0],"2":[0,0]},"meta":{"lastBranch":3,"lastFunction":5,"lastStatement":12,"seen":{"s:18:20:161:Infinity":0,"f:18:20:18:26":0,"s:19:19:19:Infinity":1,"s:20:10:20:Infinity":2,"s:21:48:21:Infinity":3,"s:23:22:50:Infinity":4,"s:52:29:52:Infinity":5,"f:52:29:52:35":1,"s:52:35:52:Infinity":6,"s:53:28:53:Infinity":7,"f:53:28:53:34":2,"s:53:34:53:Infinity":8,"s:55:4:159:Infinity":9,"b:58:13:58:Infinity:59:16:62:Infinity":0,"b:70:41:70:59:70:59:70:78":1,"f:99:39:99:40":3,"s:100:28:117:Infinity":10,"f:104:43:104:44":4,"s:104:61:110:Infinity":11,"b:108:46:108:Infinity:109:46:109:Infinity":2}}}
,"D:\\Kuliah\\Project\\ScanDine\\resources\\js\\pages\\admin\\Categories.jsx": {"path":"D:\\Kuliah\\Project\\ScanDine\\resources\\js\\pages\\admin\\Categories.jsx","statementMap":{"0":{"start":{"line":5,"column":24},"end":{"line":323,"column":null}},"1":{"start":{"line":6,"column":36},"end":{"line":6,"column":null}},"2":{"start":{"line":7,"column":30},"end":{"line":7,"column":null}},"3":{"start":{"line":8,"column":40},"end":{"line":8,"column":null}},"4":{"start":{"line":11,"column":38},"end":{"line":11,"column":null}},"5":{"start":{"line":12,"column":46},"end":{"line":12,"column":null}},"6":{"start":{"line":13,"column":32},"end":{"line":17,"column":null}},"7":{"start":{"line":19,"column":4},"end":{"line":21,"column":null}},"8":{"start":{"line":20,"column":8},"end":{"line":20,"column":null}},"9":{"start":{"line":23,"column":28},"end":{"line":32,"column":null}},"10":{"start":{"line":24,"column":8},"end":{"line":31,"column":null}},"11":{"start":{"line":25,"column":29},"end":{"line":25,"column":null}},"12":{"start":{"line":26,"column":12},"end":{"line":26,"column":null}},"13":{"start":{"line":27,"column":12},"end":{"line":27,"column":null}},"14":{"start":{"line":29,"column":12},"end":{"line":29,"column":null}},"15":{"start":{"line":30,"column":12},"end":{"line":30,"column":null}},"16":{"start":{"line":34,"column":31},"end":{"line":49,"column":null}},"17":{"start":{"line":35,"column":8},"end":{"line":35,"column":null}},"18":{"start":{"line":35,"column":21},"end":{"line":35,"column":null}},"19":{"start":{"line":36,"column":8},"end":{"line":48,"column":null}},"20":{"start":{"line":37,"column":12},"end":{"line":37,"column":null}},"21":{"start":{"line":39,"column":12},"end":{"line":43,"column":null}},"22":{"start":{"line":41,"column":20},"end":{"line":41,"column":null}},"23":{"start":{"line":45,"column":12},"end":{"line":45,"column":null}},"24":{"start":{"line":46,"column":12},"end":{"line":46,"column":null}},"25":{"start":{"line":47,"column":12},"end":{"line":47,"column":null}},"26":{"start":{"line":51,"column":25},"end":{"line":64,"column":null}},"27":{"start":{"line":52,"column":8},"end":{"line":63,"column":null}},"28":{"start":{"line":53,"column":12},"end":{"line":62,"column":null}},"29":{"start":{"line":54,"column":16},"end":{"line":54,"column":null}},"30":{"start":{"line":55,"column":16},"end":{"line":55,"column":null}},"31":{"start":{"line":55,"column":57},"end":{"line":55,"column":70}},"32":{"start":{"line":57,"column":16},"end":{"line":57,"column":null}},"33":{"start":{"line":58,"column":16},"end":{"line":61,"column":null}},"34":{"start":{"line":66,"column":28},"end":{"line":79,"column":null}},"35":{"start":{"line":67,"column":8},"end":{"line":77,"column":null}},"36":{"start":{"line":68,"column":12},"end":{"line":68,"column":null}},"37":{"start":{"line":69,"column":12},"end":{"line":73,"column":null}},"38":{"start":{"line":75,"column":12},"end":{"line":75,"column":null}},"39":{"start":{"line":76,"column":12},"end":{"line":76,"column":null}},"40":{"start":{"line":78,"column":8},"end":{"line":78,"column":null}},"41":{"start":{"line":81,"column":25},"end":{"line":102,"column":null}},"42":{"start":{"line":82,"column":8},"end":{"line":82,"column":null}},"43":{"start":{"line":83,"column":8},"end":{"line":83,"column":null}},"44":{"start":{"line":85,"column":8},"end":{"line":101,"column":null}},"45":{"start":{"line":86,"column":12},"end":{"line":93,"column":null}},"46":{"start":{"line":87,"column":16},"end":{"line":90,"column":null}},"47":{"start":{"line":92,"column":16},"end":{"line":92,"column":null}},"48":{"start":{"line":94,"column":12},"end":{"line":94,"column":null}},"49":{"start":{"line":95,"column":12},"end":{"line":95,"column":null}},"50":{"start":{"line":97,"column":12},"end":{"line":97,"column":null}},"51":{"start":{"line":98,"column":12},"end":{"line":98,"column":null}},"52":{"start":{"line":100,"column":12},"end":{"line":100,"column":null}},"53":{"start":{"line":104,"column":4},"end":{"line":321,"column":null}},"54":{"start":{"line":114,"column":35},"end":{"line":114,"column":null}},"55":{"start":{"line":133,"column":47},"end":{"line":133,"column":null}},"56":{"start":{"line":150,"column":40},"end":{"line":153,"column":null}},"57":{"start":{"line":167,"column":40},"end":{"line":170,"column":null}},"58":{"start":{"line":182,"column":40},"end":{"line":185,"column":null}},"59":{"start":{"line":200,"column":51},"end":{"line":200,"column":null}},"60":{"start":{"line":237,"column":36},"end":{"line":249,"column":null}},"61":{"start":{"line":262,"column":36},"end":{"line":314,"column":null}},"62":{"start":{"line":272,"column":52},"end":{"line":274,"column":null}},"63":{"start":{"line":294,"column":56},"end":{"line":296,"column":null}},"64":{"start":{"line":304,"column":56},"end":{"line":306,"column":null}}},"fnMap":{"0":{"name":"(anonymous_0)","decl":{"start":{"line":5,"column":24},"end":{"line":5,"column":30}},"loc":{"start":{"line":5,"column":30},"end":{"line":323,"column":null}},"line":5},"1":{"name":"(anonymous_1)","decl":{"start":{"line":19,"column":14},"end":{"line":19,"column":20}},"loc":{"start":{"line":19,"column":20},"end":{"line":21,"column":7}},"line":19},"2":{"name":"(anonymous_2)","decl":{"start":{"line":23,"column":28},"end":{"line":23,"column":40}},"loc":{"start":{"line":23,"column":40},"end":{"line":32,"column":null}},"line":23},"3":{"name":"(anonymous_3)","decl":{"start":{"line":34,"column":31},"end":{"line":34,"column":38}},"loc":{"start":{"line":34,"column":45},"end":{"line":49,"column":null}},"line":34},"4":{"name":"(anonymous_4)","decl":{"start":{"line":40,"column":31},"end":{"line":40,"column":32}},"loc":{"start":{"line":41,"column":20},"end":{"line":41,"column":null}},"line":41},"5":{"name":"(anonymous_5)","decl":{"start":{"line":51,"column":25},"end":{"line":51,"column":32}},"loc":{"start":{"line":51,"column":39},"end":{"line":64,"column":null}},"line":51},"6":{"name":"(anonymous_6)","decl":{"start":{"line":55,"column":48},"end":{"line":55,"column":49}},"loc":{"start":{"line":55,"column":57},"end":{"line":55,"column":70}},"line":55},"7":{"name":"(anonymous_7)","decl":{"start":{"line":66,"column":28},"end":{"line":66,"column":29}},"loc":{"start":{"line":66,"column":49},"end":{"line":79,"column":null}},"line":66},"8":{"name":"(anonymous_8)","decl":{"start":{"line":81,"column":25},"end":{"line":81,"column":32}},"loc":{"start":{"line":81,"column":38},"end":{"line":102,"column":null}},"line":81},"9":{"name":"(anonymous_9)","decl":{"start":{"line":114,"column":29},"end":{"line":114,"column":35}},"loc":{"start":{"line":114,"column":35},"end":{"line":114,"column":null}},"line":114},"10":{"name":"(anonymous_10)","decl":{"start":{"line":133,"column":41},"end":{"line":133,"column":47}},"loc":{"start":{"line":133,"column":47},"end":{"line":133,"column":null}},"line":133},"11":{"name":"(anonymous_11)","decl":{"start":{"line":149,"column":46},"end":{"line":149,"column":47}},"loc":{"start":{"line":150,"column":40},"end":{"line":153,"column":null}},"line":150},"12":{"name":"(anonymous_12)","decl":{"start":{"line":166,"column":46},"end":{"line":166,"column":47}},"loc":{"start":{"line":167,"column":40},"end":{"line":170,"column":null}},"line":167},"13":{"name":"(anonymous_13)","decl":{"start":{"line":181,"column":46},"end":{"line":181,"column":47}},"loc":{"start":{"line":182,"column":40},"end":{"line":185,"column":null}},"line":182},"14":{"name":"(anonymous_14)","decl":{"start":{"line":200,"column":45},"end":{"line":200,"column":51}},"loc":{"start":{"line":200,"column":51},"end":{"line":200,"column":null}},"line":200},"15":{"name":"(anonymous_15)","decl":{"start":{"line":236,"column":50},"end":{"line":236,"column":51}},"loc":{"start":{"line":237,"column":36},"end":{"line":249,"column":null}},"line":237},"16":{"name":"(anonymous_16)","decl":{"start":{"line":261,"column":47},"end":{"line":261,"column":48}},"loc":{"start":{"line":262,"column":36},"end":{"line":314,"column":null}},"line":262},"17":{"name":"(anonymous_17)","decl":{"start":{"line":271,"column":57},"end":{"line":271,"column":null}},"loc":{"start":{"line":272,"column":52},"end":{"line":274,"column":null}},"line":272},"18":{"name":"(anonymous_18)","decl":{"start":{"line":293,"column":61},"end":{"line":293,"column":null}},"loc":{"start":{"line":294,"column":56},"end":{"line":296,"column":null}},"line":294},"19":{"name":"(anonymous_19)","decl":{"start":{"line":303,"column":61},"end":{"line":303,"column":null}},"loc":{"start":{"line":304,"column":56},"end":{"line":306,"column":null}},"line":304}},"branchMap":{"0":{"loc":{"start":{"line":35,"column":8},"end":{"line":35,"column":null}},"type":"if","locations":[{"start":{"line":35,"column":8},"end":{"line":35,"column":null}},{"start":{},"end":{}}],"line":35},"1":{"loc":{"start":{"line":41,"column":20},"end":{"line":41,"column":null}},"type":"cond-expr","locations":[{"start":{"line":41,"column":36},"end":{"line":41,"column":76}},{"start":{"line":41,"column":76},"end":{"line":41,"column":null}}],"line":41},"2":{"loc":{"start":{"line":52,"column":8},"end":{"line":63,"column":null}},"type":"if","locations":[{"start":{"line":52,"column":8},"end":{"line":63,"column":null}},{"start":{},"end":{}}],"line":52},"3":{"loc":{"start":{"line":60,"column":25},"end":{"line":60,"column":null}},"type":"binary-expr","locations":[{"start":{"line":60,"column":25},"end":{"line":60,"column":58}},{"start":{"line":60,"column":58},"end":{"line":60,"column":null}}],"line":60},"4":{"loc":{"start":{"line":66,"column":29},"end":{"line":66,"column":49}},"type":"default-arg","locations":[{"start":{"line":66,"column":40},"end":{"line":66,"column":49}}],"line":66},"5":{"loc":{"start":{"line":67,"column":8},"end":{"line":77,"column":null}},"type":"if","locations":[{"start":{"line":67,"column":8},"end":{"line":77,"column":null}},{"start":{"line":74,"column":15},"end":{"line":77,"column":null}}],"line":67},"6":{"loc":{"start":{"line":86,"column":12},"end":{"line":93,"column":null}},"type":"if","locations":[{"start":{"line":86,"column":12},"end":{"line":93,"column":null}},{"start":{"line":91,"column":19},"end":{"line":93,"column":null}}],"line":86},"7":{"loc":{"start":{"line":123,"column":13},"end":{"line":215,"column":null}},"type":"binary-expr","locations":[{"start":{"line":123,"column":13},"end":{"line":123,"column":null}},{"start":{"line":124,"column":16},"end":{"line":215,"column":null}}],"line":123},"8":{"loc":{"start":{"line":128,"column":33},"end":{"line":130,"column":null}},"type":"cond-expr","locations":[{"start":{"line":129,"column":38},"end":{"line":129,"column":null}},{"start":{"line":130,"column":38},"end":{"line":130,"column":null}}],"line":128},"9":{"loc":{"start":{"line":210,"column":37},"end":{"line":210,"column":null}},"type":"cond-expr","locations":[{"start":{"line":210,"column":52},"end":{"line":210,"column":66}},{"start":{"line":210,"column":66},"end":{"line":210,"column":null}}],"line":210},"10":{"loc":{"start":{"line":235,"column":29},"end":{"line":315,"column":null}},"type":"cond-expr","locations":[{"start":{"line":236,"column":32},"end":{"line":250,"column":null}},{"start":{"line":251,"column":32},"end":{"line":315,"column":null}}],"line":235},"11":{"loc":{"start":{"line":251,"column":32},"end":{"line":315,"column":null}},"type":"cond-expr","locations":[{"start":{"line":252,"column":32},"end":{"line":259,"column":null}},{"start":{"line":261,"column":32},"end":{"line":315,"column":null}}],"line":251},"12":{"loc":{"start":{"line":277,"column":52},"end":{"line":279,"column":null}},"type":"cond-expr","locations":[{"start":{"line":278,"column":58},"end":{"line":278,"column":null}},{"start":{"line":279,"column":58},"end":{"line":279,"column":null}}],"line":277},"13":{"loc":{"start":{"line":284,"column":53},"end":{"line":286,"column":null}},"type":"cond-expr","locations":[{"start":{"line":285,"column":58},"end":{"line":285,"column":null}},{"start":{"line":286,"column":58},"end":{"line":286,"column":null}}],"line":284}},"s":{"0":0,"1":0,"2":0,"3":0,"4":0,"5":0,"6":0,"7":0,"8":0,"9":0,"10":0,"11":0,"12":0,"13":0,"14":0,"15":0,"16":0,"17":0,"18":0,"19":0,"20":0,"21":0,"22":0,"23":0,"24":0,"25":0,"26":0,"27":0,"28":0,"29":0,"30":0,"31":0,"32":0,"33":0,"34":0,"35":0,"36":0,"37":0,"38":0,"39":0,"40":0,"41":0,"42":0,"43":0,"44":0,"45":0,"46":0,"47":0,"48":0,"49":0,"50":0,"51":0,"52":0,"53":0,"54":0,"55":0,"56":0,"57":0,"58":0,"59":0,"60":0,"61":0,"62":0,"63":0,"64":0},"f":{"0":0,"1":0,"2":0,"3":0,"4":0,"5":0,"6":0,"7":0,"8":0,"9":0,"10":0,"11":0,"12":0,"13":0,"14":0,"15":0,"16":0,"17":0,"18":0,"19":0},"b":{"0":[0,0],"1":[0,0],"2":[0,0],"3":[0,0],"4":[0],"5":[0,0],"6":[0,0],"7":[0,0],"8":[0,0],"9":[0,0],"10":[0,0],"11":[0,0],"12":[0,0],"13":[0,0]},"meta":{"lastBranch":14,"lastFunction":20,"lastStatement":65,"seen":{"s:5:24:323:Infinity":0,"f:5:24:5:30":0,"s:6:36:6:Infinity":1,"s:7:30:7:Infinity":2,"s:8:40:8:Infinity":3,"s:11:38:11:Infinity":4,"s:12:46:12:Infinity":5,"s:13:32:17:Infinity":6,"s:19:4:21:Infinity":7,"f:19:14:19:20":1,"s:20:8:20:Infinity":8,"s:23:28:32:Infinity":9,"f:23:28:23:40":2,"s:24:8:31:Infinity":10,"s:25:29:25:Infinity":11,"s:26:12:26:Infinity":12,"s:27:12:27:Infinity":13,"s:29:12:29:Infinity":14,"s:30:12:30:Infinity":15,"s:34:31:49:Infinity":16,"f:34:31:34:38":3,"b:35:8:35:Infinity:undefined:undefined:undefined:undefined":0,"s:35:8:35:Infinity":17,"s:35:21:35:Infinity":18,"s:36:8:48:Infinity":19,"s:37:12:37:Infinity":20,"s:39:12:43:Infinity":21,"f:40:31:40:32":4,"s:41:20:41:Infinity":22,"b:41:36:41:76:41:76:41:Infinity":1,"s:45:12:45:Infinity":23,"s:46:12:46:Infinity":24,"s:47:12:47:Infinity":25,"s:51:25:64:Infinity":26,"f:51:25:51:32":5,"b:52:8:63:Infinity:undefined:undefined:undefined:undefined":2,"s:52:8:63:Infinity":27,"s:53:12:62:Infinity":28,"s:54:16:54:Infinity":29,"s:55:16:55:Infinity":30,"f:55:48:55:49":6,"s:55:57:55:70":31,"s:57:16:57:Infinity":32,"s:58:16:61:Infinity":33,"b:60:25:60:58:60:58:60:Infinity":3,"s:66:28:79:Infinity":34,"f:66:28:66:29":7,"b:66:40:66:49":4,"b:67:8:77:Infinity:74:15:77:Infinity":5,"s:67:8:77:Infinity":35,"s:68:12:68:Infinity":36,"s:69:12:73:Infinity":37,"s:75:12:75:Infinity":38,"s:76:12:76:Infinity":39,"s:78:8:78:Infinity":40,"s:81:25:102:Infinity":41,"f:81:25:81:32":8,"s:82:8:82:Infinity":42,"s:83:8:83:Infinity":43,"s:85:8:101:Infinity":44,"b:86:12:93:Infinity:91:19:93:Infinity":6,"s:86:12:93:Infinity":45,"s:87:16:90:Infinity":46,"s:92:16:92:Infinity":47,"s:94:12:94:Infinity":48,"s:95:12:95:Infinity":49,"s:97:12:97:Infinity":50,"s:98:12:98:Infinity":51,"s:100:12:100:Infinity":52,"s:104:4:321:Infinity":53,"f:114:29:114:35":9,"s:114:35:114:Infinity":54,"b:123:13:123:Infinity:124:16:215:Infinity":7,"b:129:38:129:Infinity:130:38:130:Infinity":8,"f:133:41:133:47":10,"s:133:47:133:Infinity":55,"f:149:46:149:47":11,"s:150:40:153:Infinity":56,"f:166:46:166:47":12,"s:167:40:170:Infinity":57,"f:181:46:181:47":13,"s:182:40:185:Infinity":58,"f:200:45:200:51":14,"s:200:51:200:Infinity":59,"b:210:52:210:66:210:66:210:Infinity":9,"b:236:32:250:Infinity:251:32:315:Infinity":10,"f:236:50:236:51":15,"s:237:36:249:Infinity":60,"b:252:32:259:Infinity:261:32:315:Infinity":11,"f:261:47:261:48":16,"s:262:36:314:Infinity":61,"f:271:57:271:Infinity":17,"s:272:52:274:Infinity":62,"b:278:58:278:Infinity:279:58:279:Infinity":12,"b:285:58:285:Infinity:286:58:286:Infinity":13,"f:293:61:293:Infinity":18,"s:294:56:296:Infinity":63,"f:303:61:303:Infinity":19,"s:304:56:306:Infinity":64}}}
[...]
,"D:\\Kuliah\\Project\\ScanDine\\resources\\js\\pages\\user\\Checkout.jsx": {"path":"D:\\Kuliah\\Project\\ScanDine\\resources\\js\\pages\\user\\Checkout.jsx","statementMap":{"0":{"start":{"line":7,"column":21},"end":{"line":228,"column":null}},"1":{"start":{"line":8,"column":10},"end":{"line":8,"column":null}},"2":{"start":{"line":9,"column":42},"end":{"line":9,"column":null}},"3":{"start":{"line":10,"column":26},"end":{"line":10,"column":null}},"4":{"start":{"line":11,"column":40},"end":{"line":11,"column":null}},"5":{"start":{"line":19,"column":4},"end":{"line":19,"column":null}},"6":{"start":{"line":21,"column":4},"end":{"line":24,"column":null}},"7":{"start":{"line":22,"column":8},"end":{"line":22,"column":null}},"8":{"start":{"line":23,"column":8},"end":{"line":23,"column":null}},"9":{"start":{"line":26,"column":29},"end":{"line":34,"column":null}},"10":{"start":{"line":27,"column":25},"end":{"line":31,"column":null}},"11":{"start":{"line":33,"column":8},"end":{"line":33,"column":null}},"12":{"start":{"line":36,"column":4},"end":{"line":226,"column":null}},"13":{"start":{"line":42,"column":39},"end":{"line":42,"column":null}},"14":{"start":{"line":66,"column":28},"end":{"line":94,"column":null}},"15":{"start":{"line":78,"column":64},"end":{"line":78,"column":70}},"16":{"start":{"line":88,"column":58},"end":{"line":88,"column":null}},"17":{"start":{"line":113,"column":41},"end":{"line":113,"column":null}},"18":{"start":{"line":126,"column":41},"end":{"line":126,"column":null}},"19":{"start":{"line":149,"column":48},"end":{"line":149,"column":null}},"20":{"start":{"line":182,"column":48},"end":{"line":182,"column":null}}},"fnMap":{"0":{"name":"(anonymous_0)","decl":{"start":{"line":7,"column":21},"end":{"line":7,"column":27}},"loc":{"start":{"line":7,"column":27},"end":{"line":228,"column":null}},"line":7},"1":{"name":"(anonymous_1)","decl":{"start":{"line":26,"column":29},"end":{"line":26,"column":41}},"loc":{"start":{"line":26,"column":41},"end":{"line":34,"column":null}},"line":26},"2":{"name":"(anonymous_2)","decl":{"start":{"line":42,"column":33},"end":{"line":42,"column":39}},"loc":{"start":{"line":42,"column":39},"end":{"line":42,"column":null}},"line":42},"3":{"name":"(anonymous_3)","decl":{"start":{"line":65,"column":34},"end":{"line":65,"column":35}},"loc":{"start":{"line":66,"column":28},"end":{"line":94,"column":null}},"line":66},"4":{"name":"(anonymous_4)","decl":{"start":{"line":78,"column":57},"end":{"line":78,"column":58}},"loc":{"start":{"line":78,"column":64},"end":{"line":78,"column":70}},"line":78},"5":{"name":"(anonymous_5)","decl":{"start":{"line":88,"column":48},"end":{"line":88,"column":49}},"loc":{"start":{"line":88,"column":58},"end":{"line":88,"column":null}},"line":88},"6":{"name":"(anonymous_6)","decl":{"start":{"line":113,"column":34},"end":{"line":113,"column":35}},"loc":{"start":{"line":113,"column":41},"end":{"line":113,"column":null}},"line":113},"7":{"name":"(anonymous_7)","decl":{"start":{"line":126,"column":34},"end":{"line":126,"column":35}},"loc":{"start":{"line":126,"column":41},"end":{"line":126,"column":null}},"line":126},"8":{"name":"(anonymous_8)","decl":{"start":{"line":149,"column":42},"end":{"line":149,"column":48}},"loc":{"start":{"line":149,"column":48},"end":{"line":149,"column":null}},"line":149},"9":{"name":"(anonymous_9)","decl":{"start":{"line":182,"column":42},"end":{"line":182,"column":48}},"loc":{"start":{"line":182,"column":48},"end":{"line":182,"column":null}},"line":182}},"branchMap":{"0":{"loc":{"start":{"line":21,"column":4},"end":{"line":24,"column":null}},"type":"if","locations":[{"start":{"line":21,"column":4},"end":{"line":24,"column":null}},{"start":{},"end":{}}],"line":21},"1":{"loc":{"start":{"line":28,"column":26},"end":{"line":28,"column":null}},"type":"binary-expr","locations":[{"start":{"line":28,"column":26},"end":{"line":28,"column":42}},{"start":{"line":28,"column":42},"end":{"line":28,"column":null}}],"line":28},"2":{"loc":{"start":{"line":52,"column":17},"end":{"line":55,"column":null}},"type":"binary-expr","locations":[{"start":{"line":52,"column":17},"end":{"line":52,"column":null}},{"start":{"line":53,"column":20},"end":{"line":55,"column":null}}],"line":52},"3":{"loc":{"start":{"line":74,"column":37},"end":{"line":80,"column":null}},"type":"binary-expr","locations":[{"start":{"line":74,"column":37},"end":{"line":74,"column":null}},{"start":{"line":75,"column":40},"end":{"line":75,"column":null}},{"start":{"line":76,"column":44},"end":{"line":80,"column":null}}],"line":74},"4":{"loc":{"start":{"line":87,"column":45},"end":{"line":90,"column":null}},"type":"binary-expr","locations":[{"start":{"line":87,"column":45},"end":{"line":90,"column":49}},{"start":{"line":90,"column":49},"end":{"line":90,"column":null}}],"line":87},"5":{"loc":{"start":{"line":139,"column":32},"end":{"line":141,"column":null}},"type":"cond-expr","locations":[{"start":{"line":140,"column":38},"end":{"line":140,"column":null}},{"start":{"line":141,"column":38},"end":{"line":141,"column":null}}],"line":139},"6":{"loc":{"start":{"line":163,"column":29},"end":{"line":166,"column":null}},"type":"binary-expr","locations":[{"start":{"line":163,"column":29},"end":{"line":163,"column":null}},{"start":{"line":164,"column":32},"end":{"line":166,"column":null}}],"line":163},"7":{"loc":{"start":{"line":172,"column":32},"end":{"line":174,"column":null}},"type":"cond-expr","locations":[{"start":{"line":173,"column":38},"end":{"line":173,"column":null}},{"start":{"line":174,"column":38},"end":{"line":174,"column":null}}],"line":172},"8":{"loc":{"start":{"line":194,"column":29},"end":{"line":197,"column":null}},"type":"binary-expr","locations":[{"start":{"line":194,"column":29},"end":{"line":194,"column":null}},{"start":{"line":195,"column":32},"end":{"line":197,"column":null}}],"line":194},"9":{"loc":{"start":{"line":212,"column":25},"end":{"line":221,"column":null}},"type":"cond-expr","locations":[{"start":{"line":213,"column":28},"end":{"line":216,"column":null}},{"start":{"line":218,"column":28},"end":{"line":221,"column":null}}],"line":212}},"s":{"0":0,"1":0,"2":0,"3":0,"4":0,"5":0,"6":0,"7":0,"8":0,"9":0,"10":0,"11":0,"12":0,"13":0,"14":0,"15":0,"16":0,"17":0,"18":0,"19":0,"20":0},"f":{"0":0,"1":0,"2":0,"3":0,"4":0,"5":0,"6":0,"7":0,"8":0,"9":0},"b":{"0":[0,0],"1":[0,0],"2":[0,0],"3":[0,0,0],"4":[0,0],"5":[0,0],"6":[0,0],"7":[0,0],"8":[0,0],"9":[0,0]},"meta":{"lastBranch":10,"lastFunction":10,"lastStatement":21,"seen":{"s:7:21:228:Infinity":0,"f:7:21:7:27":0,"s:8:10:8:Infinity":1,"s:9:42:9:Infinity":2,"s:10:26:10:Infinity":3,"s:11:40:11:Infinity":4,"s:19:4:19:Infinity":5,"b:21:4:24:Infinity:undefined:undefined:undefined:undefined":0,"s:21:4:24:Infinity":6,"s:22:8:22:Infinity":7,"s:23:8:23:Infinity":8,"s:26:29:34:Infinity":9,"f:26:29:26:41":1,"s:27:25:31:Infinity":10,"b:28:26:28:42:28:42:28:Infinity":1,"s:33:8:33:Infinity":11,"s:36:4:226:Infinity":12,"f:42:33:42:39":2,"s:42:39:42:Infinity":13,"b:52:17:52:Infinity:53:20:55:Infinity":2,"f:65:34:65:35":3,"s:66:28:94:Infinity":14,"b:74:37:74:Infinity:75:40:75:Infinity:76:44:80:Infinity":3,"f:78:57:78:58":4,"s:78:64:78:70":15,"b:87:45:90:49:90:49:90:Infinity":4,"f:88:48:88:49":5,"s:88:58:88:Infinity":16,"f:113:34:113:35":6,"s:113:41:113:Infinity":17,"f:126:34:126:35":7,"s:126:41:126:Infinity":18,"b:140:38:140:Infinity:141:38:141:Infinity":5,"f:149:42:149:48":8,"s:149:48:149:Infinity":19,"b:163:29:163:Infinity:164:32:166:Infinity":6,"b:173:38:173:Infinity:174:38:174:Infinity":7,"f:182:42:182:48":9,"s:182:48:182:Infinity":20,"b:194:29:194:Infinity:195:32:197:Infinity":8,"b:213:28:216:Infinity:218:28:221:Infinity":9}}}
,"D:\\Kuliah\\Project\\ScanDine\\resources\\js\\pages\\user\\Menu.jsx": {"path":"D:\\Kuliah\\Project\\ScanDine\\resources\\js\\pages\\user\\Menu.jsx","statementMap":{"0":{"start":{"line":11,"column":17},"end":{"line":93,"column":null}},"1":{"start":{"line":19,"column":4},"end":{"line":19,"column":null}},"2":{"start":{"line":21,"column":36},"end":{"line":21,"column":null}},"3":{"start":{"line":22,"column":46},"end":{"line":22,"column":null}},"4":{"start":{"line":24,"column":61},"end":{"line":24,"column":null}},"5":{"start":{"line":26,"column":31},"end":{"line":28,"column":null}},"6":{"start":{"line":27,"column":8},"end":{"line":27,"column":null}},"7":{"start":{"line":30,"column":4},"end":{"line":41,"column":null}},"8":{"start":{"line":31,"column":8},"end":{"line":39,"column":null}},"9":{"start":{"line":43,"column":4},"end":{"line":55,"column":null}},"10":{"start":{"line":44,"column":8},"end":{"line":53,"column":null}},"11":{"start":{"line":57,"column":4},"end":{"line":91,"column":null}},"12":{"start":{"line":74,"column":35},"end":{"line":74,"column":null}},"13":{"start":{"line":80,"column":31},"end":{"line":80,"column":null}},"14":{"start":{"line":88,"column":31},"end":{"line":88,"column":null}}},"fnMap":{"0":{"name":"(anonymous_0)","decl":{"start":{"line":11,"column":17},"end":{"line":11,"column":23}},"loc":{"start":{"line":11,"column":23},"end":{"line":93,"column":null}},"line":11},"1":{"name":"(anonymous_1)","decl":{"start":{"line":26,"column":31},"end":{"line":26,"column":32}},"loc":{"start":{"line":26,"column":44},"end":{"line":28,"column":null}},"line":26},"2":{"name":"(anonymous_2)","decl":{"start":{"line":74,"column":29},"end":{"line":74,"column":35}},"loc":{"start":{"line":74,"column":35},"end":{"line":74,"column":null}},"line":74},"3":{"name":"(anonymous_3)","decl":{"start":{"line":80,"column":25},"end":{"line":80,"column":31}},"loc":{"start":{"line":80,"column":31},"end":{"line":80,"column":null}},"line":80},"4":{"name":"(anonymous_4)","decl":{"start":{"line":88,"column":25},"end":{"line":88,"column":31}},"loc":{"start":{"line":88,"column":31},"end":{"line":88,"column":null}},"line":88}},"branchMap":{"0":{"loc":{"start":{"line":30,"column":4},"end":{"line":41,"column":null}},"type":"if","locations":[{"start":{"line":30,"column":4},"end":{"line":41,"column":null}},{"start":{},"end":{}}],"line":30},"1":{"loc":{"start":{"line":43,"column":4},"end":{"line":55,"column":null}},"type":"if","locations":[{"start":{"line":43,"column":4},"end":{"line":55,"column":null}},{"start":{},"end":{}}],"line":43},"2":{"loc":{"start":{"line":70,"column":13},"end":{"line":75,"column":null}},"type":"binary-expr","locations":[{"start":{"line":70,"column":13},"end":{"line":70,"column":null}},{"start":{"line":71,"column":16},"end":{"line":75,"column":null}}],"line":70}},"s":{"0":0,"1":0,"2":0,"3":0,"4":0,"5":0,"6":0,"7":0,"8":0,"9":0,"10":0,"11":0,"12":0,"13":0,"14":0},"f":{"0":0,"1":0,"2":0,"3":0,"4":0},"b":{"0":[0,0],"1":[0,0],"2":[0,0]},"meta":{"lastBranch":3,"lastFunction":5,"lastStatement":15,"seen":{"s:11:17:93:Infinity":0,"f:11:17:11:23":0,"s:19:4:19:Infinity":1,"s:21:36:21:Infinity":2,"s:22:46:22:Infinity":3,"s:24:61:24:Infinity":4,"s:26:31:28:Infinity":5,"f:26:31:26:32":1,"s:27:8:27:Infinity":6,"b:30:4:41:Infinity:undefined:undefined:undefined:undefined":0,"s:30:4:41:Infinity":7,"s:31:8:39:Infinity":8,"b:43:4:55:Infinity:undefined:undefined:undefined:undefined":1,"s:43:4:55:Infinity":9,"s:44:8:53:Infinity":10,"s:57:4:91:Infinity":11,"b:70:13:70:Infinity:71:16:75:Infinity":2,"f:74:29:74:35":2,"s:74:35:74:Infinity":12,"f:80:25:80:31":3,"s:80:31:80:Infinity":13,"f:88:25:88:31":4,"s:88:31:88:Infinity":14}}}
,"D:\\Kuliah\\Project\\ScanDine\\resources\\js\\pages\\user\\Success.jsx": {"path":"D:\\Kuliah\\Project\\ScanDine\\resources\\js\\pages\\user\\Success.jsx","statementMap":{"0":{"start":{"line":5,"column":20},"end":{"line":47,"column":null}},"1":{"start":{"line":6,"column":10},"end":{"line":6,"column":null}},"2":{"start":{"line":8,"column":4},"end":{"line":45,"column":null}},"3":{"start":{"line":38,"column":35},"end":{"line":38,"column":null}}},"fnMap":{"0":{"name":"(anonymous_0)","decl":{"start":{"line":5,"column":20},"end":{"line":5,"column":26}},"loc":{"start":{"line":5,"column":26},"end":{"line":47,"column":null}},"line":5},"1":{"name":"(anonymous_1)","decl":{"start":{"line":38,"column":29},"end":{"line":38,"column":35}},"loc":{"start":{"line":38,"column":35},"end":{"line":38,"column":null}},"line":38}},"branchMap":{},"s":{"0":0,"1":0,"2":0,"3":0},"f":{"0":0,"1":0},"b":{},"meta":{"lastBranch":0,"lastFunction":2,"lastStatement":4,"seen":{"s:5:20:47:Infinity":0,"f:5:20:5:26":0,"s:6:10:6:Infinity":1,"s:8:4:45:Infinity":2,"f:38:29:38:35":1,"s:38:35:38:Infinity":3}}}
,"D:\\Kuliah\\Project\\ScanDine\\resources\\js\\services\\CheckoutService.js": {"path":"D:\\Kuliah\\Project\\ScanDine\\resources\\js\\services\\CheckoutService.js","statementMap":{"0":{"start":{"line":6,"column":24},"end":{"line":20,"column":1}},"1":{"start":{"line":13,"column":8},"end":{"line":18,"column":null}},"2":{"start":{"line":14,"column":29},"end":{"line":14,"column":71}},"3":{"start":{"line":15,"column":12},"end":{"line":15,"column":null}},"4":{"start":{"line":17,"column":12},"end":{"line":17,"column":null}}},"fnMap":{"0":{"name":"(anonymous_0)","decl":{"start":{"line":12,"column":10},"end":{"line":12,"column":18}},"loc":{"start":{"line":12,"column":25},"end":{"line":19,"column":5}},"line":12}},"branchMap":{},"s":{"0":0,"1":0,"2":0,"3":0,"4":0},"f":{"0":0},"b":{},"meta":{"lastBranch":0,"lastFunction":1,"lastStatement":5,"seen":{"s:6:24:20:1":0,"f:12:10:12:18":0,"s:13:8:18:Infinity":1,"s:14:29:14:71":2,"s:15:12:15:Infinity":3,"s:17:12:17:Infinity":4}}}
,"D:\\Kuliah\\Project\\ScanDine\\resources\\js\\services\\MenuService.js": {"path":"D:\\Kuliah\\Project\\ScanDine\\resources\\js\\services\\MenuService.js","statementMap":{"0":{"start":{"line":6,"column":20},"end":{"line":40,"column":1}},"1":{"start":{"line":14,"column":8},"end":{"line":24,"column":null}},"2":{"start":{"line":15,"column":29},"end":{"line":20,"column":14}},"3":{"start":{"line":21,"column":12},"end":{"line":21,"column":null}},"4":{"start":{"line":23,"column":12},"end":{"line":23,"column":null}},"5":{"start":{"line":33,"column":8},"end":{"line":38,"column":null}},"6":{"start":{"line":34,"column":29},"end":{"line":34,"column":66}},"7":{"start":{"line":35,"column":12},"end":{"line":35,"column":null}},"8":{"start":{"line":37,"column":12},"end":{"line":37,"column":null}}},"fnMap":{"0":{"name":"(anonymous_0)","decl":{"start":{"line":13,"column":10},"end":{"line":13,"column":17}},"loc":{"start":{"line":13,"column":42},"end":{"line":25,"column":5}},"line":13},"1":{"name":"(anonymous_1)","decl":{"start":{"line":32,"column":10},"end":{"line":32,"column":21}},"loc":{"start":{"line":32,"column":26},"end":{"line":39,"column":5}},"line":32}},"branchMap":{"0":{"loc":{"start":{"line":13,"column":29},"end":{"line":13,"column":40}},"type":"default-arg","locations":[{"start":{"line":13,"column":38},"end":{"line":13,"column":40}}],"line":13}},"s":{"0":0,"1":0,"2":0,"3":0,"4":0,"5":0,"6":0,"7":0,"8":0},"f":{"0":0,"1":0},"b":{"0":[0]},"meta":{"lastBranch":1,"lastFunction":2,"lastStatement":9,"seen":{"s:6:20:40:1":0,"f:13:10:13:17":0,"b:13:38:13:40":0,"s:14:8:24:Infinity":1,"s:15:29:20:14":2,"s:21:12:21:Infinity":3,"s:23:12:23:Infinity":4,"f:32:10:32:21":1,"s:33:8:38:Infinity":5,"s:34:29:34:66":6,"s:35:12:35:Infinity":7,"s:37:12:37:Infinity":8}}}
,"D:\\Kuliah\\Project\\ScanDine\\resources\\js\\utils\\submitToBlade.js": {"path":"D:\\Kuliah\\Project\\ScanDine\\resources\\js\\utils\\submitToBlade.js","statementMap":{"0":{"start":{"line":7,"column":22},"end":{"line":44,"column":1}},"1":{"start":{"line":8,"column":17},"end":{"line":8,"column":47}},"2":{"start":{"line":9,"column":4},"end":{"line":9,"column":25}},"3":{"start":{"line":10,"column":4},"end":{"line":10,"column":null}},"4":{"start":{"line":11,"column":4},"end":{"line":11,"column":null}},"5":{"start":{"line":14,"column":22},"end":{"line":14,"column":96}},"6":{"start":{"line":15,"column":4},"end":{"line":21,"column":null}},"7":{"start":{"line":16,"column":26},"end":{"line":16,"column":57}},"8":{"start":{"line":17,"column":8},"end":{"line":17,"column":null}},"9":{"start":{"line":18,"column":8},"end":{"line":18,"column":null}},"10":{"start":{"line":19,"column":8},"end":{"line":19,"column":null}},"11":{"start":{"line":20,"column":8},"end":{"line":20,"column":null}},"12":{"start":{"line":24,"column":4},"end":{"line":30,"column":null}},"13":{"start":{"line":25,"column":28},"end":{"line":25,"column":59}},"14":{"start":{"line":26,"column":8},"end":{"line":26,"column":null}},"15":{"start":{"line":27,"column":8},"end":{"line":27,"column":null}},"16":{"start":{"line":28,"column":8},"end":{"line":28,"column":null}},"17":{"start":{"line":29,"column":8},"end":{"line":29,"column":null}},"18":{"start":{"line":33,"column":4},"end":{"line":39,"column":null}},"19":{"start":{"line":34,"column":22},"end":{"line":34,"column":53}},"20":{"start":{"line":35,"column":8},"end":{"line":35,"column":null}},"21":{"start":{"line":36,"column":8},"end":{"line":36,"column":null}},"22":{"start":{"line":37,"column":8},"end":{"line":37,"column":null}},"23":{"start":{"line":38,"column":8},"end":{"line":38,"column":null}},"24":{"start":{"line":41,"column":4},"end":{"line":41,"column":null}},"25":{"start":{"line":42,"column":4},"end":{"line":42,"column":null}},"26":{"start":{"line":43,"column":4},"end":{"line":43,"column":null}}},"fnMap":{"0":{"name":"(anonymous_0)","decl":{"start":{"line":7,"column":22},"end":{"line":7,"column":23}},"loc":{"start":{"line":7,"column":62},"end":{"line":44,"column":1}},"line":7},"1":{"name":"(anonymous_1)","decl":{"start":{"line":33,"column":30},"end":{"line":33,"column":33}},"loc":{"start":{"line":33,"column":37},"end":{"line":39,"column":5}},"line":33}},"branchMap":{"0":{"loc":{"start":{"line":7,"column":31},"end":{"line":7,"column":46}},"type":"default-arg","locations":[{"start":{"line":7,"column":40},"end":{"line":7,"column":46}}],"line":7},"1":{"loc":{"start":{"line":7,"column":48},"end":{"line":7,"column":57}},"type":"default-arg","locations":[{"start":{"line":7,"column":55},"end":{"line":7,"column":57}}],"line":7},"2":{"loc":{"start":{"line":15,"column":4},"end":{"line":21,"column":null}},"type":"if","locations":[{"start":{"line":15,"column":4},"end":{"line":21,"column":null}},{"start":{},"end":{}}],"line":15},"3":{"loc":{"start":{"line":24,"column":4},"end":{"line":30,"column":null}},"type":"if","locations":[{"start":{"line":24,"column":4},"end":{"line":30,"column":null}},{"start":{},"end":{}}],"line":24},"4":{"loc":{"start":{"line":24,"column":8},"end":{"line":24,"column":45}},"type":"binary-expr","locations":[{"start":{"line":24,"column":8},"end":{"line":24,"column":24}},{"start":{"line":24,"column":28},"end":{"line":24,"column":45}}],"line":24}},"s":{"0":1,"1":3,"2":3,"3":3,"4":3,"5":3,"6":3,"7":1,"8":1,"9":1,"10":1,"11":1,"12":3,"13":1,"14":1,"15":1,"16":1,"17":1,"18":3,"19":1,"20":1,"21":1,"22":1,"23":1,"24":3,"25":3,"26":3},"f":{"0":3,"1":1},"b":{"0":[3],"1":[3],"2":[1,2],"3":[1,2],"4":[3,3]},"meta":{"lastBranch":5,"lastFunction":2,"lastStatement":27,"seen":{"s:7:22:44:1":0,"f:7:22:7:23":0,"b:7:40:7:46":0,"b:7:55:7:57":1,"s:8:17:8:47":1,"s:9:4:9:25":2,"s:10:4:10:Infinity":3,"s:11:4:11:Infinity":4,"s:14:22:14:96":5,"b:15:4:21:Infinity:undefined:undefined:undefined:undefined":2,"s:15:4:21:Infinity":6,"s:16:26:16:57":7,"s:17:8:17:Infinity":8,"s:18:8:18:Infinity":9,"s:19:8:19:Infinity":10,"s:20:8:20:Infinity":11,"b:24:4:30:Infinity:undefined:undefined:undefined:undefined":3,"s:24:4:30:Infinity":12,"b:24:8:24:24:24:28:24:45":4,"s:25:28:25:59":13,"s:26:8:26:Infinity":14,"s:27:8:27:Infinity":15,"s:28:8:28:Infinity":16,"s:29:8:29:Infinity":17,"s:33:4:39:Infinity":18,"f:33:30:33:33":1,"s:34:22:34:53":19,"s:35:8:35:Infinity":20,"s:36:8:36:Infinity":21,"s:37:8:37:Infinity":22,"s:38:8:38:Infinity":23,"s:41:4:41:Infinity":24,"s:42:4:42:Infinity":25,"s:43:4:43:Infinity":26}}}
}
