TN:
SF:resources\js\components\shared\Header.jsx
FN:12,(anonymous_0)
FNF:1
FNH:1
FNDA:2,(anonymous_0)
DA:12,1
DA:13,2
DA:30,1
LF:3
LH:3
BRDA:12,0,0,2
BRF:1
BRH:1
end_of_record
TN:
SF:resources\js\components\shared\ProtectedRoute.jsx
FN:13,(anonymous_0)
FNF:1
FNH:0
FNDA:0,(anonymous_0)
DA:13,0
DA:14,0
DA:16,0
DA:17,0
DA:24,0
LF:5
LH:0
BRDA:16,0,0,0
BRDA:16,0,1,0
BRDA:24,1,0,0
BRDA:24,1,1,0
BRF:4
BRH:0
end_of_record
TN:
SF:resources\js\components\ui\CartDrawer.jsx
FN:5,(anonymous_0)
FN:56,(anonymous_1)
FN:71,(anonymous_2)
FN:100,(anonymous_3)
FN:113,(anonymous_4)
FN:127,(anonymous_5)
FN:150,(anonymous_6)
FNF:7
FNH:0
FNDA:0,(anonymous_0)
FNDA:0,(anonymous_1)
FNDA:0,(anonymous_2)
FNDA:0,(anonymous_3)
FNDA:0,(anonymous_4)
FNDA:0,(anonymous_5)
FNDA:0,(anonymous_6)
DA:5,0
DA:6,0
DA:8,0
DA:57,0
DA:72,0
DA:101,0
DA:114,0
DA:128,0
DA:151,0
DA:152,0
LF:10
LH:0
BRDA:10,0,0,0
BRDA:10,0,1,0
BRDA:46,1,0,0
BRDA:46,1,1,0
BRDA:66,2,0,0
BRDA:66,2,1,0
BRDA:66,2,2,0
BRDA:84,3,0,0
BRDA:84,3,1,0
BRDA:99,4,0,0
BRDA:99,4,1,0
BRF:11
BRH:0
end_of_record
TN:
SF:resources\js\components\ui\CartFloatingButton.jsx
FN:3,(anonymous_0)
FNF:1
FNH:1
FNDA:2,(anonymous_0)
DA:3,1
DA:4,2
LF:2
LH:2
BRF:0
BRH:0
end_of_record
TN:
SF:resources\js\components\ui\CategoryNav.jsx
FN:3,(anonymous_0)
FN:7,(anonymous_1)
FN:10,(anonymous_2)
FNF:3
FNH:0
FNDA:0,(anonymous_0)
FNDA:0,(anonymous_1)
FNDA:0,(anonymous_2)
DA:3,0
DA:4,0
DA:8,0
DA:10,0
LF:4
LH:0
BRDA:12,0,0,0
BRDA:12,0,1,0
BRF:2
BRH:0
end_of_record
TN:
SF:resources\js\components\ui\MenuGrid.jsx
FN:4,(anonymous_0)
FN:7,(anonymous_1)
FNF:2
FNH:0
FNDA:0,(anonymous_0)
FNDA:0,(anonymous_1)
DA:4,0
DA:5,0
DA:8,0
LF:3
LH:0
BRF:0
BRH:0
end_of_record
TN:
SF:resources\js\components\ui\ProductCard.jsx
FN:14,(anonymous_0)
FN:19,(anonymous_1)
FNF:2
FNH:0
FNDA:0,(anonymous_0)
FNDA:0,(anonymous_1)
DA:14,0
DA:15,0
DA:17,0
DA:19,0
DA:54,0
LF:5
LH:0
BRF:0
BRH:0
end_of_record
TN:
SF:resources\js\components\ui\ProductDetailDrawer.jsx
FN:6,(anonymous_0)
FN:12,(anonymous_1)
FN:47,(anonymous_2)
FN:50,(anonymous_3)
FN:51,(anonymous_4)
FN:56,(anonymous_5)
FN:58,(anonymous_6)
FN:59,(anonymous_7)
FN:62,(anonymous_8)
FN:70,(anonymous_9)
FN:72,(anonymous_10)
FN:78,(anonymous_11)
FN:81,(anonymous_12)
FN:82,(anonymous_13)
FN:149,(anonymous_14)
FN:162,(anonymous_15)
FN:165,(anonymous_16)
FN:170,(anonymous_17)
FN:225,(anonymous_18)
FN:238,(anonymous_19)
FNF:20
FNH:0
FNDA:0,(anonymous_0)
FNDA:0,(anonymous_1)
FNDA:0,(anonymous_2)
FNDA:0,(anonymous_3)
FNDA:0,(anonymous_4)
FNDA:0,(anonymous_5)
FNDA:0,(anonymous_6)
FNDA:0,(anonymous_7)
FNDA:0,(anonymous_8)
FNDA:0,(anonymous_9)
FNDA:0,(anonymous_10)
FNDA:0,(anonymous_11)
FNDA:0,(anonymous_12)
FNDA:0,(anonymous_13)
FNDA:0,(anonymous_14)
FNDA:0,(anonymous_15)
FNDA:0,(anonymous_16)
FNDA:0,(anonymous_17)
FNDA:0,(anonymous_18)
FNDA:0,(anonymous_19)
DA:6,0
DA:7,0
DA:8,0
DA:9,0
DA:12,0
DA:13,0
DA:14,0
DA:15,0
DA:19,0
DA:23,0
DA:47,0
DA:48,0
DA:50,0
DA:51,0
DA:56,0
DA:57,0
DA:58,0
DA:59,0
DA:62,0
DA:70,0
DA:71,0
DA:72,0
DA:75,0
DA:78,0
DA:80,0
DA:82,0
DA:85,0
DA:86,0
DA:87,0
DA:90,0
DA:91,0
DA:94,0
DA:150,0
DA:164,0
DA:165,0
DA:167,0
DA:171,0
DA:226,0
DA:239,0
LF:39
LH:0
BRDA:13,0,0,0
BRDA:13,0,1,0
BRDA:19,1,0,0
BRDA:19,1,1,0
BRDA:19,2,0,0
BRDA:19,2,1,0
BRDA:48,3,0,0
BRDA:48,3,1,0
BRDA:57,4,0,0
BRDA:57,4,1,0
BRDA:82,5,0,0
BRDA:82,5,1,0
BRDA:85,6,0,0
BRDA:85,6,1,0
BRDA:96,7,0,0
BRDA:96,7,1,0
BRDA:155,8,0,0
BRDA:155,8,1,0
BRDA:177,9,0,0
BRDA:177,9,1,0
BRDA:185,10,0,0
BRDA:185,10,1,0
BRDA:190,11,0,0
BRDA:190,11,1,0
BRDA:196,12,0,0
BRDA:196,12,1,0
BRDA:204,13,0,0
BRDA:204,13,1,0
BRF:28
BRH:0
end_of_record
TN:
SF:resources\js\contexts\AuthContext.jsx
FN:6,(anonymous_0)
FN:8,(anonymous_1)
FN:13,(anonymous_2)
FN:14,(anonymous_3)
FN:43,(anonymous_4)
FN:73,(anonymous_5)
FN:83,(anonymous_6)
FNF:7
FNH:0
FNDA:0,(anonymous_0)
FNDA:0,(anonymous_1)
FNDA:0,(anonymous_2)
FNDA:0,(anonymous_3)
FNDA:0,(anonymous_4)
FNDA:0,(anonymous_5)
FNDA:0,(anonymous_6)
DA:4,0
DA:6,0
DA:8,0
DA:9,0
DA:10,0
DA:11,0
DA:13,0
DA:14,0
DA:15,0
DA:16,0
DA:17,0
DA:20,0
DA:22,0
DA:26,0
DA:27,0
DA:28,0
DA:30,0
DA:33,0
DA:34,0
DA:36,0
DA:40,0
DA:43,0
DA:44,0
DA:49,0
DA:54,0
DA:55,0
DA:56,0
DA:57,0
DA:58,0
DA:59,0
DA:62,0
DA:64,0
DA:66,0
DA:73,0
DA:74,0
DA:75,0
DA:77,0
DA:79,0
DA:83,0
DA:84,0
DA:85,0
DA:86,0
DA:87,0
DA:90,0
LF:44
LH:0
BRDA:15,0,0,0
BRDA:15,0,1,0
BRDA:27,1,0,0
BRDA:27,1,1,0
BRDA:54,2,0,0
BRDA:54,2,1,0
BRDA:68,3,0,0
BRDA:68,3,1,0
BRF:8
BRH:0
end_of_record
TN:
SF:resources\js\contexts\CartContext.jsx
FN:5,(anonymous_0)
FN:7,(anonymous_1)
FN:8,(anonymous_2)
FN:13,(anonymous_3)
FN:17,(anonymous_4)
FN:18,(anonymous_5)
FN:22,(anonymous_6)
FN:26,(anonymous_7)
FN:29,(anonymous_8)
FN:47,(anonymous_9)
FN:48,(anonymous_10)
FN:48,(anonymous_11)
FN:51,(anonymous_12)
FN:52,(anonymous_13)
FN:54,(anonymous_14)
FN:63,(anonymous_15)
FN:67,(anonymous_16)
FN:69,(anonymous_17)
FN:70,(anonymous_18)
FN:73,(anonymous_19)
FN:80,(anonymous_20)
FN:81,(anonymous_21)
FNF:22
FNH:0
FNDA:0,(anonymous_0)
FNDA:0,(anonymous_1)
FNDA:0,(anonymous_2)
FNDA:0,(anonymous_3)
FNDA:0,(anonymous_4)
FNDA:0,(anonymous_5)
FNDA:0,(anonymous_6)
FNDA:0,(anonymous_7)
FNDA:0,(anonymous_8)
FNDA:0,(anonymous_9)
FNDA:0,(anonymous_10)
FNDA:0,(anonymous_11)
FNDA:0,(anonymous_12)
FNDA:0,(anonymous_13)
FNDA:0,(anonymous_14)
FNDA:0,(anonymous_15)
FNDA:0,(anonymous_16)
FNDA:0,(anonymous_17)
FNDA:0,(anonymous_18)
FNDA:0,(anonymous_19)
FNDA:0,(anonymous_20)
FNDA:0,(anonymous_21)
DA:3,0
DA:5,0
DA:7,0
DA:8,0
DA:9,0
DA:10,0
DA:13,0
DA:14,0
DA:17,0
DA:18,0
DA:21,0
DA:22,0
DA:25,0
DA:27,0
DA:29,0
DA:34,0
DA:35,0
DA:36,0
DA:37,0
DA:40,0
DA:47,0
DA:48,0
DA:51,0
DA:52,0
DA:53,0
DA:55,0
DA:56,0
DA:61,0
DA:63,0
DA:67,0
DA:69,0
DA:70,0
DA:71,0
DA:72,0
DA:73,0
DA:76,0
DA:80,0
DA:81,0
DA:83,0
LF:39
LH:0
BRDA:10,0,0,0
BRDA:10,0,1,0
BRDA:17,1,0,0
BRDA:17,2,0,0
BRDA:27,3,0,0
BRDA:27,3,1,0
BRDA:34,4,0,0
BRDA:34,4,1,0
BRDA:55,5,0,0
BRDA:55,5,1,0
BRF:10
BRH:0
end_of_record
TN:
SF:resources\js\hooks\useCheckout.js
FN:11,(anonymous_0)
FN:23,(anonymous_1)
FN:28,(anonymous_2)
FN:34,(anonymous_3)
FN:48,(anonymous_4)
FN:55,(anonymous_5)
FN:59,(anonymous_6)
FN:63,(anonymous_7)
FN:64,(anonymous_8)
FN:72,(anonymous_9)
FNF:10
FNH:0
FNDA:0,(anonymous_0)
FNDA:0,(anonymous_1)
FNDA:0,(anonymous_2)
FNDA:0,(anonymous_3)
FNDA:0,(anonymous_4)
FNDA:0,(anonymous_5)
FNDA:0,(anonymous_6)
FNDA:0,(anonymous_7)
FNDA:0,(anonymous_8)
FNDA:0,(anonymous_9)
DA:11,0
DA:12,0
DA:13,0
DA:14,0
DA:15,0
DA:23,0
DA:28,0
DA:34,0
DA:48,0
DA:49,0
DA:50,0
DA:51,0
DA:52,0
DA:54,0
DA:56,0
DA:57,0
DA:60,0
DA:61,0
DA:63,0
DA:64,0
DA:72,0
DA:73,0
DA:74,0
DA:75,0
DA:76,0
DA:77,0
DA:79,0
DA:80,0
DA:82,0
DA:83,0
DA:84,0
DA:86,0
DA:87,0
DA:91,0
DA:95,0
DA:99,0
LF:36
LH:0
BRDA:25,0,0,0
BRDA:25,0,1,0
BRDA:32,1,0,0
BRDA:32,1,1,0
BRDA:33,2,0,0
BRDA:33,2,1,0
BRDA:49,3,0,0
BRDA:49,3,1,0
BRDA:77,4,0,0
BRDA:77,4,1,0
BRDA:82,5,0,0
BRDA:82,5,1,0
BRDA:83,6,0,0
BRDA:83,6,1,0
BRDA:92,7,0,0
BRDA:92,7,1,0
BRDA:92,7,2,0
BRF:17
BRH:0
end_of_record
TN:
SF:resources\js\hooks\useMenu.js
FN:11,(anonymous_0)
FN:27,(anonymous_1)
FN:39,(anonymous_2)
FN:54,(anonymous_3)
FN:55,(anonymous_4)
FN:65,(anonymous_5)
FN:68,(anonymous_6)
FN:77,(anonymous_7)
FN:85,(anonymous_8)
FN:89,(anonymous_9)
FN:92,(anonymous_10)
FN:99,(anonymous_11)
FN:100,(anonymous_12)
FNF:13
FNH:0
FNDA:0,(anonymous_0)
FNDA:0,(anonymous_1)
FNDA:0,(anonymous_2)
FNDA:0,(anonymous_3)
FNDA:0,(anonymous_4)
FNDA:0,(anonymous_5)
FNDA:0,(anonymous_6)
FNDA:0,(anonymous_7)
FNDA:0,(anonymous_8)
FNDA:0,(anonymous_9)
FNDA:0,(anonymous_10)
FNDA:0,(anonymous_11)
FNDA:0,(anonymous_12)
DA:11,0
DA:12,0
DA:13,0
DA:15,0
DA:27,0
DA:28,0
DA:29,0
DA:30,0
DA:32,0
DA:39,0
DA:40,0
DA:54,0
DA:55,0
DA:65,0
DA:66,0
DA:67,0
DA:68,0
DA:73,0
DA:76,0
DA:77,0
DA:78,0
DA:79,0
DA:81,0
DA:85,0
DA:86,0
DA:89,0
DA:90,0
DA:91,0
DA:92,0
DA:94,0
DA:97,0
DA:100,0
LF:32
LH:0
BRDA:28,0,0,0
BRDA:28,0,1,0
BRDA:44,1,0,0
BRDA:44,1,1,0
BRDA:58,2,0,0
BRDA:58,2,1,0
BRDA:67,3,0,0
BRDA:67,3,1,0
BRDA:79,4,0,0
BRDA:79,4,1,0
BRDA:90,5,0,0
BRDA:90,5,1,0
BRDA:90,6,0,0
BRDA:90,6,1,0
BRDA:94,7,0,0
BRDA:94,7,1,0
BRF:16
BRH:0
end_of_record
TN:
SF:resources\js\layouts\AdminLayout.jsx
FN:18,(anonymous_0)
FN:52,(anonymous_1)
FN:53,(anonymous_2)
FN:99,(anonymous_3)
FN:104,(anonymous_4)
FNF:5
FNH:0
FNDA:0,(anonymous_0)
FNDA:0,(anonymous_1)
FNDA:0,(anonymous_2)
FNDA:0,(anonymous_3)
FNDA:0,(anonymous_4)
DA:18,0
DA:19,0
DA:20,0
DA:21,0
DA:23,0
DA:52,0
DA:53,0
DA:55,0
DA:100,0
DA:104,0
LF:10
LH:0
BRDA:58,0,0,0
BRDA:58,0,1,0
BRDA:70,1,0,0
BRDA:70,1,1,0
BRDA:107,2,0,0
BRDA:107,2,1,0
BRF:6
BRH:0
end_of_record
TN:
SF:resources\js\pages\admin\Categories.jsx
FN:5,(anonymous_0)
FN:19,(anonymous_1)
FN:23,(anonymous_2)
FN:34,(anonymous_3)
FN:40,(anonymous_4)
FN:51,(anonymous_5)
FN:55,(anonymous_6)
FN:66,(anonymous_7)
FN:81,(anonymous_8)
FN:114,(anonymous_9)
FN:133,(anonymous_10)
FN:149,(anonymous_11)
FN:166,(anonymous_12)
FN:181,(anonymous_13)
FN:200,(anonymous_14)
FN:236,(anonymous_15)
FN:261,(anonymous_16)
FN:271,(anonymous_17)
FN:293,(anonymous_18)
FN:303,(anonymous_19)
FNF:20
FNH:0
FNDA:0,(anonymous_0)
FNDA:0,(anonymous_1)
FNDA:0,(anonymous_2)
FNDA:0,(anonymous_3)
FNDA:0,(anonymous_4)
FNDA:0,(anonymous_5)
FNDA:0,(anonymous_6)
FNDA:0,(anonymous_7)
FNDA:0,(anonymous_8)
FNDA:0,(anonymous_9)
FNDA:0,(anonymous_10)
FNDA:0,(anonymous_11)
FNDA:0,(anonymous_12)
FNDA:0,(anonymous_13)
FNDA:0,(anonymous_14)
FNDA:0,(anonymous_15)
FNDA:0,(anonymous_16)
FNDA:0,(anonymous_17)
FNDA:0,(anonymous_18)
FNDA:0,(anonymous_19)
DA:5,0
DA:6,0
DA:7,0
DA:8,0
DA:11,0
DA:12,0
DA:13,0
DA:19,0
DA:20,0
DA:23,0
DA:24,0
DA:25,0
DA:26,0
DA:27,0
DA:29,0
DA:30,0
DA:34,0
DA:35,0
DA:36,0
DA:37,0
DA:39,0
DA:41,0
DA:45,0
DA:46,0
DA:47,0
DA:51,0
DA:52,0
DA:53,0
DA:54,0
DA:55,0
DA:57,0
DA:58,0
DA:66,0
DA:67,0
DA:68,0
DA:69,0
DA:75,0
DA:76,0
DA:78,0
DA:81,0
DA:82,0
DA:83,0
DA:85,0
DA:86,0
DA:87,0
DA:92,0
DA:94,0
DA:95,0
DA:97,0
DA:98,0
DA:100,0
DA:104,0
DA:114,0
DA:133,0
DA:150,0
DA:167,0
DA:182,0
DA:200,0
DA:237,0
DA:262,0
DA:272,0
DA:294,0
DA:304,0
LF:63
LH:0
BRDA:35,0,0,0
BRDA:35,0,1,0
BRDA:41,1,0,0
BRDA:41,1,1,0
BRDA:52,2,0,0
BRDA:52,2,1,0
BRDA:60,3,0,0
BRDA:60,3,1,0
BRDA:66,4,0,0
BRDA:67,5,0,0
BRDA:67,5,1,0
BRDA:86,6,0,0
BRDA:86,6,1,0
BRDA:123,7,0,0
BRDA:123,7,1,0
BRDA:128,8,0,0
BRDA:128,8,1,0
BRDA:210,9,0,0
BRDA:210,9,1,0
BRDA:235,10,0,0
BRDA:235,10,1,0
BRDA:251,11,0,0
BRDA:251,11,1,0
BRDA:277,12,0,0
BRDA:277,12,1,0
BRDA:284,13,0,0
BRDA:284,13,1,0
BRF:27
BRH:0
end_of_record
TN:
SF:resources\js\pages\admin\Dashboard.jsx
FN:13,(anonymous_0)
FN:44,(anonymous_1)
FN:58,(anonymous_2)
FN:62,(anonymous_3)
FN:112,(anonymous_4)
FN:195,(anonymous_5)
FN:224,(anonymous_6)
FNF:7
FNH:0
FNDA:0,(anonymous_0)
FNDA:0,(anonymous_1)
FNDA:0,(anonymous_2)
FNDA:0,(anonymous_3)
FNDA:0,(anonymous_4)
FNDA:0,(anonymous_5)
FNDA:0,(anonymous_6)
DA:13,0
DA:14,0
DA:44,0
DA:45,0
DA:56,0
DA:58,0
DA:59,0
DA:62,0
DA:63,0
DA:64,0
DA:65,0
DA:68,0
DA:80,0
DA:81,0
DA:83,0
DA:84,0
DA:88,0
DA:113,0
DA:196,0
DA:225,0
LF:20
LH:0
BRDA:21,0,0,0
BRDA:21,0,1,0
BRDA:24,1,0,0
BRDA:24,1,1,0
BRDA:27,2,0,0
BRDA:27,2,1,0
BRDA:38,3,0,0
BRDA:38,3,1,0
BRDA:111,4,0,0
BRDA:111,4,1,0
BRDA:194,5,0,0
BRDA:194,5,1,0
BRDA:214,6,0,0
BRDA:214,6,1,0
BRDA:234,7,0,0
BRDA:234,7,1,0
BRDA:245,8,0,0
BRDA:245,8,1,0
BRDA:247,9,0,0
BRDA:247,9,1,0
BRF:20
BRH:0
end_of_record
TN:
SF:resources\js\pages\admin\Menu.jsx
FN:16,(anonymous_0)
FN:45,(anonymous_1)
FN:51,(anonymous_2)
FN:60,(anonymous_3)
FN:81,(anonymous_4)
FN:90,(anonymous_5)
FN:96,(anonymous_6)
FN:108,(anonymous_7)
FN:117,(anonymous_8)
FN:126,(anonymous_9)
FN:137,(anonymous_10)
FN:157,(anonymous_11)
FN:162,(anonymous_12)
FN:169,(anonymous_13)
FN:180,(anonymous_14)
FN:242,(anonymous_15)
FN:261,(anonymous_16)
FN:279,(anonymous_17)
FN:296,(anonymous_18)
FN:307,(anonymous_19)
FN:331,(anonymous_20)
FN:349,(anonymous_21)
FN:404,(anonymous_22)
FN:415,(anonymous_23)
FN:447,(anonymous_24)
FN:469,(anonymous_25)
FN:499,(anonymous_26)
FN:505,(anonymous_27)
FN:509,(anonymous_28)
FN:541,(anonymous_29)
FN:576,(anonymous_30)
FN:606,(anonymous_31)
FN:638,(anonymous_32)
FN:650,(anonymous_33)
FN:682,(anonymous_34)
FN:683,(anonymous_35)
FN:694,(anonymous_36)
FN:695,(anonymous_37)
FNF:38
FNH:0
FNDA:0,(anonymous_0)
FNDA:0,(anonymous_1)
FNDA:0,(anonymous_2)
FNDA:0,(anonymous_3)
FNDA:0,(anonymous_4)
FNDA:0,(anonymous_5)
FNDA:0,(anonymous_6)
FNDA:0,(anonymous_7)
FNDA:0,(anonymous_8)
FNDA:0,(anonymous_9)
FNDA:0,(anonymous_10)
FNDA:0,(anonymous_11)
FNDA:0,(anonymous_12)
FNDA:0,(anonymous_13)
FNDA:0,(anonymous_14)
FNDA:0,(anonymous_15)
FNDA:0,(anonymous_16)
FNDA:0,(anonymous_17)
FNDA:0,(anonymous_18)
FNDA:0,(anonymous_19)
FNDA:0,(anonymous_20)
FNDA:0,(anonymous_21)
FNDA:0,(anonymous_22)
FNDA:0,(anonymous_23)
FNDA:0,(anonymous_24)
FNDA:0,(anonymous_25)
FNDA:0,(anonymous_26)
FNDA:0,(anonymous_27)
FNDA:0,(anonymous_28)
FNDA:0,(anonymous_29)
FNDA:0,(anonymous_30)
FNDA:0,(anonymous_31)
FNDA:0,(anonymous_32)
FNDA:0,(anonymous_33)
FNDA:0,(anonymous_34)
FNDA:0,(anonymous_35)
FNDA:0,(anonymous_36)
FNDA:0,(anonymous_37)
DA:16,0
DA:17,0
DA:18,0
DA:19,0
DA:20,0
DA:21,0
DA:22,0
DA:25,0
DA:26,0
DA:27,0
DA:36,0
DA:37,0
DA:39,0
DA:42,0
DA:43,0
DA:45,0
DA:46,0
DA:47,0
DA:48,0
DA:51,0
DA:52,0
DA:53,0
DA:54,0
DA:56,0
DA:60,0
DA:61,0
DA:62,0
DA:63,0
DA:68,0
DA:72,0
DA:73,0
DA:74,0
DA:76,0
DA:77,0
DA:81,0
DA:82,0
DA:83,0
DA:84,0
DA:86,0
DA:90,0
DA:91,0
DA:92,0
DA:93,0
DA:94,0
DA:95,0
DA:97,0
DA:101,0
DA:102,0
DA:104,0
DA:108,0
DA:109,0
DA:110,0
DA:112,0
DA:113,0
DA:115,0
DA:116,0
DA:117,0
DA:119,0
DA:120,0
DA:122,0
DA:126,0
DA:127,0
DA:128,0
DA:129,0
DA:137,0
DA:140,0
DA:142,0
DA:143,0
DA:152,0
DA:154,0
DA:157,0
DA:158,0
DA:159,0
DA:160,0
DA:161,0
DA:162,0
DA:163,0
DA:165,0
DA:169,0
DA:170,0
DA:171,0
DA:172,0
DA:173,0
DA:175,0
DA:177,0
DA:180,0
DA:181,0
DA:182,0
DA:184,0
DA:185,0
DA:186,0
DA:187,0
DA:188,0
DA:189,0
DA:190,0
DA:191,0
DA:195,0
DA:200,0
DA:203,0
DA:204,0
DA:206,0
DA:207,0
DA:215,0
DA:220,0
DA:221,0
DA:223,0
DA:224,0
DA:226,0
DA:230,0
DA:242,0
DA:261,0
DA:280,0
DA:297,0
DA:308,0
DA:332,0
DA:350,0
DA:405,0
DA:416,0
DA:448,0
DA:469,0
DA:499,0
DA:505,0
DA:510,0
DA:542,0
DA:577,0
DA:607,0
DA:639,0
DA:651,0
DA:683,0
DA:695,0
LF:130
LH:0
BRDA:91,0,0,0
BRDA:91,0,1,0
BRDA:97,1,0,0
BRDA:97,1,1,0
BRDA:109,2,0,0
BRDA:109,2,1,0
BRDA:112,3,0,0
BRDA:112,3,1,0
BRDA:126,4,0,0
BRDA:127,5,0,0
BRDA:127,5,1,0
BRDA:133,6,0,0
BRDA:133,6,1,0
BRDA:136,7,0,0
BRDA:136,7,1,0
BRDA:159,8,0,0
BRDA:159,8,1,0
BRDA:172,9,0,0
BRDA:172,9,1,0
BRDA:189,10,0,0
BRDA:189,10,1,0
BRDA:190,11,0,0
BRDA:190,11,1,0
BRDA:195,12,0,0
BRDA:195,12,1,0
BRDA:204,13,0,0
BRDA:204,13,1,0
BRDA:251,14,0,0
BRDA:251,14,1,0
BRDA:256,15,0,0
BRDA:256,15,1,0
BRDA:372,16,0,0
BRDA:372,16,1,0
BRDA:399,17,0,0
BRDA:399,17,1,0
BRDA:429,18,0,0
BRDA:429,18,1,0
BRDA:479,19,0,0
BRDA:479,19,1,0
BRDA:540,20,0,0
BRDA:540,20,1,0
BRDA:566,21,0,0
BRDA:566,21,1,0
BRDA:583,22,0,0
BRDA:583,22,1,0
BRDA:596,23,0,0
BRDA:596,23,1,0
BRDA:615,24,0,0
BRDA:615,24,1,0
BRDA:620,25,0,0
BRDA:620,25,1,0
BRDA:629,26,0,0
BRDA:629,26,1,0
BRDA:659,27,0,0
BRDA:659,27,1,0
BRF:55
BRH:0
end_of_record
TN:
SF:resources\js\pages\admin\Modifiers.jsx
FN:15,(anonymous_0)
FN:46,(anonymous_1)
FN:50,(anonymous_2)
FN:61,(anonymous_3)
FN:62,(anonymous_4)
FN:67,(anonymous_5)
FN:74,(anonymous_6)
FN:78,(anonymous_7)
FN:91,(anonymous_8)
FN:114,(anonymous_9)
FN:136,(anonymous_10)
FN:145,(anonymous_11)
FN:159,(anonymous_12)
FN:175,(anonymous_13)
FN:200,(anonymous_14)
FN:208,(anonymous_15)
FN:225,(anonymous_16)
FN:236,(anonymous_17)
FN:264,(anonymous_18)
FN:274,(anonymous_19)
FN:305,(anonymous_20)
FN:313,(anonymous_21)
FN:347,(anonymous_22)
FN:359,(anonymous_23)
FN:369,(anonymous_24)
FN:403,(anonymous_25)
FN:424,(anonymous_26)
FN:455,(anonymous_27)
FN:472,(anonymous_28)
FN:524,(anonymous_29)
FN:542,(anonymous_30)
FN:558,(anonymous_31)
FN:579,(anonymous_32)
FN:604,(anonymous_33)
FN:621,(anonymous_34)
FN:634,(anonymous_35)
FN:663,(anonymous_36)
FN:681,(anonymous_37)
FN:698,(anonymous_38)
FN:712,(anonymous_39)
FN:730,(anonymous_40)
FNF:41
FNH:0
FNDA:0,(anonymous_0)
FNDA:0,(anonymous_1)
FNDA:0,(anonymous_2)
FNDA:0,(anonymous_3)
FNDA:0,(anonymous_4)
FNDA:0,(anonymous_5)
FNDA:0,(anonymous_6)
FNDA:0,(anonymous_7)
FNDA:0,(anonymous_8)
FNDA:0,(anonymous_9)
FNDA:0,(anonymous_10)
FNDA:0,(anonymous_11)
FNDA:0,(anonymous_12)
FNDA:0,(anonymous_13)
FNDA:0,(anonymous_14)
FNDA:0,(anonymous_15)
FNDA:0,(anonymous_16)
FNDA:0,(anonymous_17)
FNDA:0,(anonymous_18)
FNDA:0,(anonymous_19)
FNDA:0,(anonymous_20)
FNDA:0,(anonymous_21)
FNDA:0,(anonymous_22)
FNDA:0,(anonymous_23)
FNDA:0,(anonymous_24)
FNDA:0,(anonymous_25)
FNDA:0,(anonymous_26)
FNDA:0,(anonymous_27)
FNDA:0,(anonymous_28)
FNDA:0,(anonymous_29)
FNDA:0,(anonymous_30)
FNDA:0,(anonymous_31)
FNDA:0,(anonymous_32)
FNDA:0,(anonymous_33)
FNDA:0,(anonymous_34)
FNDA:0,(anonymous_35)
FNDA:0,(anonymous_36)
FNDA:0,(anonymous_37)
FNDA:0,(anonymous_38)
FNDA:0,(anonymous_39)
FNDA:0,(anonymous_40)
DA:15,0
DA:16,0
DA:17,0
DA:18,0
DA:19,0
DA:22,0
DA:25,0
DA:26,0
DA:27,0
DA:36,0
DA:37,0
DA:38,0
DA:39,0
DA:44,0
DA:46,0
DA:47,0
DA:50,0
DA:51,0
DA:52,0
DA:53,0
DA:55,0
DA:57,0
DA:61,0
DA:62,0
DA:63,0
DA:64,0
DA:67,0
DA:72,0
DA:74,0
DA:78,0
DA:79,0
DA:81,0
DA:82,0
DA:83,0
DA:86,0
DA:91,0
DA:92,0
DA:93,0
DA:94,0
DA:102,0
DA:103,0
DA:111,0
DA:114,0
DA:115,0
DA:116,0
DA:117,0
DA:118,0
DA:119,0
DA:124,0
DA:126,0
DA:127,0
DA:129,0
DA:130,0
DA:132,0
DA:136,0
DA:137,0
DA:139,0
DA:142,0
DA:143,0
DA:144,0
DA:145,0
DA:147,0
DA:148,0
DA:153,0
DA:159,0
DA:160,0
DA:161,0
DA:162,0
DA:163,0
DA:169,0
DA:170,0
DA:172,0
DA:175,0
DA:176,0
DA:177,0
DA:178,0
DA:179,0
DA:180,0
DA:185,0
DA:190,0
DA:191,0
DA:193,0
DA:194,0
DA:196,0
DA:200,0
DA:201,0
DA:202,0
DA:203,0
DA:204,0
DA:208,0
DA:209,0
DA:213,0
DA:218,0
DA:219,0
DA:221,0
DA:225,0
DA:226,0
DA:228,0
DA:229,0
DA:230,0
DA:231,0
DA:235,0
DA:236,0
DA:238,0
DA:243,0
DA:244,0
DA:245,0
DA:247,0
DA:252,0
DA:264,0
DA:275,0
DA:306,0
DA:313,0
DA:348,0
DA:360,0
DA:370,0
DA:404,0
DA:425,0
DA:456,0
DA:473,0
DA:524,0
DA:543,0
DA:559,0
DA:580,0
DA:605,0
DA:622,0
DA:634,0
DA:663,0
DA:682,0
DA:699,0
DA:713,0
DA:730,0
LF:132
LH:0
BRDA:79,0,0,0
BRDA:79,0,1,0
BRDA:91,1,0,0
BRDA:92,2,0,0
BRDA:92,2,1,0
BRDA:118,3,0,0
BRDA:118,3,1,0
BRDA:137,4,0,0
BRDA:137,4,1,0
BRDA:139,5,0,0
BRDA:139,5,1,0
BRDA:150,6,0,0
BRDA:150,6,1,0
BRDA:159,7,0,0
BRDA:161,8,0,0
BRDA:161,8,1,0
BRDA:179,9,0,0
BRDA:179,9,1,0
BRDA:201,10,0,0
BRDA:201,10,1,0
BRDA:209,11,0,0
BRDA:209,11,1,0
BRDA:226,12,0,0
BRDA:226,12,1,0
BRDA:228,13,0,0
BRDA:228,13,1,0
BRDA:272,14,0,0
BRDA:272,14,1,0
BRDA:299,15,0,0
BRDA:299,15,1,0
BRDA:316,16,0,0
BRDA:316,16,1,0
BRDA:330,17,0,0
BRDA:330,17,1,0
BRDA:340,18,0,0
BRDA:340,18,1,0
BRDA:376,19,0,0
BRDA:376,19,1,0
BRDA:389,20,0,0
BRDA:389,20,1,0
BRDA:391,21,0,0
BRDA:391,21,1,0
BRDA:395,22,0,0
BRDA:395,22,1,0
BRDA:435,23,0,0
BRDA:435,23,1,0
BRDA:440,24,0,0
BRDA:440,24,1,0
BRDA:448,25,0,0
BRDA:448,25,1,0
BRDA:484,26,0,0
BRDA:484,26,1,0
BRDA:514,27,0,0
BRDA:514,27,1,0
BRDA:519,28,0,0
BRDA:519,28,1,0
BRDA:644,29,0,0
BRDA:644,29,1,0
BRDA:653,30,0,0
BRDA:653,30,1,0
BRDA:658,31,0,0
BRDA:658,31,1,0
BRDA:740,32,0,0
BRDA:740,32,1,0
BRF:64
BRH:0
end_of_record
TN:
SF:resources\js\pages\admin\Orders.jsx
FN:12,(anonymous_0)
FN:26,(anonymous_1)
FN:31,(anonymous_2)
FN:32,(anonymous_3)
FN:36,(anonymous_4)
FN:60,(anonymous_5)
FN:76,(anonymous_6)
FN:79,(anonymous_7)
FN:92,(anonymous_8)
FN:128,(anonymous_9)
FN:138,(anonymous_10)
FN:148,(anonymous_11)
FN:159,(anonymous_12)
FN:172,(anonymous_13)
FN:204,(anonymous_14)
FN:235,(anonymous_15)
FN:263,(anonymous_16)
FN:283,(anonymous_17)
FN:303,(anonymous_18)
FN:353,(anonymous_19)
FN:373,(anonymous_20)
FN:408,(anonymous_21)
FN:418,(anonymous_22)
FNF:23
FNH:0
FNDA:0,(anonymous_0)
FNDA:0,(anonymous_1)
FNDA:0,(anonymous_2)
FNDA:0,(anonymous_3)
FNDA:0,(anonymous_4)
FNDA:0,(anonymous_5)
FNDA:0,(anonymous_6)
FNDA:0,(anonymous_7)
FNDA:0,(anonymous_8)
FNDA:0,(anonymous_9)
FNDA:0,(anonymous_10)
FNDA:0,(anonymous_11)
FNDA:0,(anonymous_12)
FNDA:0,(anonymous_13)
FNDA:0,(anonymous_14)
FNDA:0,(anonymous_15)
FNDA:0,(anonymous_16)
FNDA:0,(anonymous_17)
FNDA:0,(anonymous_18)
FNDA:0,(anonymous_19)
FNDA:0,(anonymous_20)
FNDA:0,(anonymous_21)
FNDA:0,(anonymous_22)
DA:12,0
DA:13,0
DA:14,0
DA:15,0
DA:16,0
DA:24,0
DA:26,0
DA:27,0
DA:30,0
DA:31,0
DA:32,0
DA:36,0
DA:37,0
DA:38,0
DA:39,0
DA:43,0
DA:44,0
DA:45,0
DA:46,0
DA:53,0
DA:55,0
DA:56,0
DA:60,0
DA:61,0
DA:62,0
DA:64,0
DA:65,0
DA:69,0
DA:76,0
DA:78,0
DA:80,0
DA:85,0
DA:86,0
DA:88,0
DA:92,0
DA:93,0
DA:95,0
DA:97,0
DA:99,0
DA:101,0
DA:103,0
DA:105,0
DA:107,0
DA:111,0
DA:128,0
DA:138,0
DA:148,0
DA:160,0
DA:173,0
DA:205,0
DA:236,0
DA:264,0
DA:284,0
DA:304,0
DA:354,0
DA:374,0
DA:408,0
DA:418,0
LF:58
LH:0
BRDA:30,0,0,0
BRDA:30,0,1,0
BRDA:36,1,0,0
BRDA:36,2,0,0
BRDA:37,3,0,0
BRDA:37,3,1,0
BRDA:41,4,0,0
BRDA:41,4,1,0
BRDA:61,5,0,0
BRDA:61,5,1,0
BRDA:69,6,0,0
BRDA:69,6,1,0
BRDA:70,7,0,0
BRDA:70,7,1,0
BRDA:70,7,2,0
BRDA:70,7,3,0
BRDA:80,8,0,0
BRDA:80,8,1,0
BRDA:93,9,0,0
BRDA:93,9,1,0
BRDA:93,9,2,0
BRDA:93,9,3,0
BRDA:93,9,4,0
BRDA:93,9,5,0
BRDA:93,9,6,0
BRDA:116,10,0,0
BRDA:116,10,1,0
BRDA:121,11,0,0
BRDA:121,11,1,0
BRDA:130,12,0,0
BRDA:130,12,1,0
BRDA:140,13,0,0
BRDA:140,13,1,0
BRDA:157,14,0,0
BRDA:157,14,1,0
BRDA:177,15,0,0
BRDA:177,15,1,0
BRDA:192,16,0,0
BRDA:192,16,1,0
BRDA:196,17,0,0
BRDA:196,17,1,0
BRDA:201,18,0,0
BRDA:201,18,1,0
BRDA:218,19,0,0
BRDA:218,19,1,0
BRDA:246,20,0,0
BRDA:246,20,1,0
BRDA:249,21,0,0
BRDA:249,21,1,0
BRDA:261,22,0,0
BRDA:261,22,1,0
BRDA:269,23,0,0
BRDA:269,23,1,0
BRDA:275,24,0,0
BRDA:275,24,1,0
BRDA:281,25,0,0
BRDA:281,25,1,0
BRDA:289,26,0,0
BRDA:289,26,1,0
BRDA:295,27,0,0
BRDA:295,27,1,0
BRDA:301,28,0,0
BRDA:301,28,1,0
BRDA:309,29,0,0
BRDA:309,29,1,0
BRDA:315,30,0,0
BRDA:315,30,1,0
BRDA:368,31,0,0
BRDA:368,31,1,0
BRDA:387,32,0,0
BRDA:387,32,1,0
BRDA:404,33,0,0
BRDA:404,33,1,0
BRF:73
BRH:0
end_of_record
TN:
SF:resources\js\pages\admin\Tables.jsx
FN:14,(anonymous_0)
FN:29,(anonymous_1)
FN:41,(anonymous_2)
FN:46,(anonymous_3)
FN:57,(anonymous_4)
FN:80,(anonymous_5)
FN:88,(anonymous_6)
FN:98,(anonymous_7)
FN:125,(anonymous_8)
FN:142,(anonymous_9)
FN:157,(anonymous_10)
FN:170,(anonymous_11)
FN:202,(anonymous_12)
FN:223,(anonymous_13)
FN:261,(anonymous_14)
FN:271,(anonymous_15)
FN:278,(anonymous_16)
FNF:17
FNH:0
FNDA:0,(anonymous_0)
FNDA:0,(anonymous_1)
FNDA:0,(anonymous_2)
FNDA:0,(anonymous_3)
FNDA:0,(anonymous_4)
FNDA:0,(anonymous_5)
FNDA:0,(anonymous_6)
FNDA:0,(anonymous_7)
FNDA:0,(anonymous_8)
FNDA:0,(anonymous_9)
FNDA:0,(anonymous_10)
FNDA:0,(anonymous_11)
FNDA:0,(anonymous_12)
FNDA:0,(anonymous_13)
FNDA:0,(anonymous_14)
FNDA:0,(anonymous_15)
FNDA:0,(anonymous_16)
DA:14,0
DA:16,0
DA:17,0
DA:18,0
DA:19,0
DA:20,0
DA:21,0
DA:24,0
DA:26,0
DA:29,0
DA:31,0
DA:32,0
DA:33,0
DA:34,0
DA:36,0
DA:37,0
DA:41,0
DA:42,0
DA:46,0
DA:47,0
DA:48,0
DA:49,0
DA:51,0
DA:52,0
DA:54,0
DA:57,0
DA:58,0
DA:59,0
DA:60,0
DA:61,0
DA:65,0
DA:66,0
DA:68,0
DA:71,0
DA:72,0
DA:74,0
DA:76,0
DA:80,0
DA:81,0
DA:83,0
DA:85,0
DA:86,0
DA:87,0
DA:88,0
DA:90,0
DA:91,0
DA:93,0
DA:98,0
DA:99,0
DA:100,0
DA:101,0
DA:104,0
DA:105,0
DA:106,0
DA:107,0
DA:108,0
DA:109,0
DA:113,0
DA:125,0
DA:142,0
DA:158,0
DA:170,0
DA:203,0
DA:224,0
DA:261,0
DA:271,0
DA:278,0
LF:67
LH:0
BRDA:24,0,0,0
BRDA:24,0,1,0
BRDA:46,1,0,0
BRDA:47,2,0,0
BRDA:47,2,1,0
BRDA:61,3,0,0
BRDA:61,3,1,0
BRDA:65,4,0,0
BRDA:65,4,1,0
BRDA:81,5,0,0
BRDA:81,5,1,0
BRDA:83,6,0,0
BRDA:83,6,1,0
BRDA:100,7,0,0
BRDA:100,7,1,0
BRDA:134,8,0,0
BRDA:134,8,1,0
BRDA:139,9,0,0
BRDA:139,9,1,0
BRDA:181,10,0,0
BRDA:181,10,1,0
BRDA:201,11,0,0
BRDA:201,11,1,0
BRDA:244,12,0,0
BRDA:244,12,1,0
BRDA:246,13,0,0
BRDA:246,13,1,0
BRDA:282,14,0,0
BRDA:282,14,1,0
BRDA:297,15,0,0
BRDA:297,15,1,0
BRDA:297,15,2,0
BRF:32
BRH:0
end_of_record
TN:
SF:resources\js\pages\auth\Login.jsx
FN:6,(anonymous_0)
FN:14,(anonymous_1)
FN:84,(anonymous_2)
FN:103,(anonymous_3)
FNF:4
FNH:0
FNDA:0,(anonymous_0)
FNDA:0,(anonymous_1)
FNDA:0,(anonymous_2)
FNDA:0,(anonymous_3)
DA:6,0
DA:7,0
DA:8,0
DA:9,0
DA:10,0
DA:11,0
DA:12,0
DA:14,0
DA:15,0
DA:16,0
DA:19,0
DA:21,0
DA:23,0
DA:24,0
DA:25,0
DA:26,0
DA:28,0
DA:31,0
DA:33,0
DA:37,0
DA:84,0
DA:104,0
LF:22
LH:0
BRDA:19,0,0,0
BRDA:19,0,1,0
BRDA:25,1,0,0
BRDA:25,1,1,0
BRDA:66,2,0,0
BRDA:66,2,1,0
BRDA:117,3,0,0
BRDA:117,3,1,0
BRDA:122,4,0,0
BRDA:122,4,1,0
BRF:10
BRH:0
end_of_record
TN:
SF:resources\js\pages\user\Checkout.jsx
FN:7,(anonymous_0)
FN:26,(anonymous_1)
FN:42,(anonymous_2)
FN:65,(anonymous_3)
FN:78,(anonymous_4)
FN:88,(anonymous_5)
FN:113,(anonymous_6)
FN:126,(anonymous_7)
FN:149,(anonymous_8)
FN:182,(anonymous_9)
FNF:10
FNH:0
FNDA:0,(anonymous_0)
FNDA:0,(anonymous_1)
FNDA:0,(anonymous_2)
FNDA:0,(anonymous_3)
FNDA:0,(anonymous_4)
FNDA:0,(anonymous_5)
FNDA:0,(anonymous_6)
FNDA:0,(anonymous_7)
FNDA:0,(anonymous_8)
FNDA:0,(anonymous_9)
DA:7,0
DA:8,0
DA:9,0
DA:10,0
DA:11,0
DA:19,0
DA:21,0
DA:22,0
DA:23,0
DA:26,0
DA:27,0
DA:33,0
DA:36,0
DA:42,0
DA:66,0
DA:78,0
DA:88,0
DA:113,0
DA:126,0
DA:149,0
DA:182,0
LF:21
LH:0
BRDA:21,0,0,0
BRDA:21,0,1,0
BRDA:28,1,0,0
BRDA:28,1,1,0
BRDA:52,2,0,0
BRDA:52,2,1,0
BRDA:74,3,0,0
BRDA:74,3,1,0
BRDA:74,3,2,0
BRDA:87,4,0,0
BRDA:87,4,1,0
BRDA:139,5,0,0
BRDA:139,5,1,0
BRDA:163,6,0,0
BRDA:163,6,1,0
BRDA:172,7,0,0
BRDA:172,7,1,0
BRDA:194,8,0,0
BRDA:194,8,1,0
BRDA:212,9,0,0
BRDA:212,9,1,0
BRF:21
BRH:0
end_of_record
TN:
SF:resources\js\pages\user\Menu.jsx
FN:11,(anonymous_0)
FN:26,(anonymous_1)
FN:74,(anonymous_2)
FN:80,(anonymous_3)
FN:88,(anonymous_4)
FNF:5
FNH:0
FNDA:0,(anonymous_0)
FNDA:0,(anonymous_1)
FNDA:0,(anonymous_2)
FNDA:0,(anonymous_3)
FNDA:0,(anonymous_4)
DA:11,0
DA:19,0
DA:21,0
DA:22,0
DA:24,0
DA:26,0
DA:27,0
DA:30,0
DA:31,0
DA:43,0
DA:44,0
DA:57,0
DA:74,0
DA:80,0
DA:88,0
LF:15
LH:0
BRDA:30,0,0,0
BRDA:30,0,1,0
BRDA:43,1,0,0
BRDA:43,1,1,0
BRDA:70,2,0,0
BRDA:70,2,1,0
BRF:6
BRH:0
end_of_record
TN:
SF:resources\js\pages\user\Success.jsx
FN:5,(anonymous_0)
FN:38,(anonymous_1)
FNF:2
FNH:0
FNDA:0,(anonymous_0)
FNDA:0,(anonymous_1)
DA:5,0
DA:6,0
DA:8,0
DA:38,0
LF:4
LH:0
BRF:0
BRH:0
end_of_record
TN:
SF:resources\js\services\CheckoutService.js
FN:12,(anonymous_0)
FNF:1
FNH:0
FNDA:0,(anonymous_0)
DA:6,0
DA:13,0
DA:14,0
DA:15,0
DA:17,0
LF:5
LH:0
BRF:0
BRH:0
end_of_record
TN:
SF:resources\js\services\MenuService.js
FN:13,(anonymous_0)
FN:32,(anonymous_1)
FNF:2
FNH:0
FNDA:0,(anonymous_0)
FNDA:0,(anonymous_1)
DA:6,0
DA:14,0
DA:15,0
DA:21,0
DA:23,0
DA:33,0
DA:34,0
DA:35,0
DA:37,0
LF:9
LH:0
BRDA:13,0,0,0
BRF:1
BRH:0
end_of_record
TN:
SF:resources\js\utils\submitToBlade.js
FN:7,(anonymous_0)
FN:33,(anonymous_1)
FNF:2
FNH:2
FNDA:3,(anonymous_0)
FNDA:1,(anonymous_1)
DA:7,1
DA:8,3
DA:9,3
DA:10,3
DA:11,3
DA:14,3
DA:15,3
DA:16,1
DA:17,1
DA:18,1
DA:19,1
DA:20,1
DA:24,3
DA:25,1
DA:26,1
DA:27,1
DA:28,1
DA:29,1
DA:33,3
DA:34,1
DA:35,1
DA:36,1
DA:37,1
DA:38,1
DA:41,3
DA:42,3
DA:43,3
LF:27
LH:27
BRDA:7,0,0,3
BRDA:7,1,0,3
BRDA:15,2,0,1
BRDA:15,2,1,2
BRDA:24,3,0,1
BRDA:24,3,1,2
BRDA:24,4,0,3
BRDA:24,4,1,3
BRF:8
BRH:8
end_of_record
